28-02-2022 20:46:21.150 [Gauge] [INFO] Watching directory: C:\Users\testinium\IdeaProjects\AppiumAutomationHW\specs
28-02-2022 20:46:21.155 [Gauge] [DEBUG] Found 1 files
28-02-2022 20:46:21.156 [Gauge] [INFO] Initializing concepts cache with 0 concepts
28-02-2022 20:46:21.191 [Gauge] [INFO] Initializing specs cache with 1 specs
28-02-2022 20:46:21.191 [Gauge] [DEBUG] Adding specs from C:\Users\testinium\IdeaProjects\AppiumAutomationHW\specs\example.spec
28-02-2022 20:46:21.191 [Gauge] [INFO] Initializing steps cache with 1 steps
28-02-2022 20:46:21.191 [Gauge] [INFO] Gauge daemon initialized and listening on port: 53140
28-02-2022 20:55:51.757 [Gauge] [DEBUG] Api Request Received: messageType:GetStepValueRequest messageId:4 stepValueRequest:<stepText:"Wait <wait> seconds" > 
28-02-2022 20:55:51.760 [Gauge] [DEBUG] Sending API response: messageType:GetStepValueResponse messageId:4 stepValueResponse:<stepValue:<stepValue:"Wait {} seconds" parameterizedStepValue:"Wait <wait> seconds" parameters:"wait" > > 
28-02-2022 20:55:51.773 [Gauge] [DEBUG] Api Request Received: messageType:GetStepValueRequest messageId:4 stepValueRequest:<stepText:"Vowels in English language are \"aeiou\"." > 
28-02-2022 20:55:51.773 [Gauge] [DEBUG] Sending API response: messageType:GetStepValueResponse messageId:4 stepValueResponse:<stepValue:<stepValue:"Vowels in English language are {}." parameterizedStepValue:"Vowels in English language are <aeiou>." parameters:"aeiou" > > 
28-02-2022 20:55:51.789 [Gauge] [DEBUG] Api Request Received: messageType:GetStepValueRequest messageId:4 stepValueRequest:<stepText:"The word \"gauge\" has \"3\" vowels." > 
28-02-2022 20:55:51.789 [Gauge] [DEBUG] Sending API response: messageType:GetStepValueResponse messageId:4 stepValueResponse:<stepValue:<stepValue:"The word {} has {} vowels." parameterizedStepValue:"The word <gauge> has <3> vowels." parameters:"gauge" parameters:"3" > > 
28-02-2022 20:55:51.791 [Gauge] [DEBUG] Api Request Received: messageType:GetStepValueRequest messageId:4 stepValueRequest:<stepText:"Almost all words have vowels" hasInlineTable:true > 
28-02-2022 20:55:51.792 [Gauge] [DEBUG] Sending API response: messageType:GetStepValueResponse messageId:4 stepValueResponse:<stepValue:<stepValue:"Almost all words have vowels {}" parameterizedStepValue:"Almost all words have vowels <table>" parameters:"table" > > 
28-02-2022 20:55:51.792 [Gauge] [DEBUG] Api Request Received: messageType:GetStepValueRequest messageId:4 stepValueRequest:<stepText:"Check if the app opens and press the start shopping button" > 
28-02-2022 20:55:51.793 [Gauge] [DEBUG] Sending API response: messageType:GetStepValueResponse messageId:4 stepValueResponse:<stepValue:<stepValue:"Check if the app opens and press the start shopping button" parameterizedStepValue:"Check if the app opens and press the start shopping button" > > 
28-02-2022 20:57:02.786 [Gauge] [INFO] Spec file added / modified: C:\Users\testinium\IdeaProjects\AppiumAutomationHW\specs\example.spec
28-02-2022 20:57:02.883 [Gauge] [INFO] Spec file added / modified: C:\Users\testinium\IdeaProjects\AppiumAutomationHW\specs\example.spec
28-02-2022 20:57:05.691 [Gauge] [INFO] Spec file added / modified: C:\Users\testinium\IdeaProjects\AppiumAutomationHW\specs\example.spec
28-02-2022 20:57:05.693 [Gauge] [INFO] Spec file added / modified: C:\Users\testinium\IdeaProjects\AppiumAutomationHW\specs\example.spec
28-02-2022 20:57:06.927 [Gauge] [DEBUG] Api Request Received: messageType:GetStepValueRequest messageId:4 stepValueRequest:<> 
28-02-2022 20:57:06.928 [Gauge] [DEBUG] Sending API response: messageType:GetStepValueResponse messageId:4 stepValueResponse:<stepValue:<> > 
28-02-2022 20:57:06.959 [Gauge] [DEBUG] Api Request Received: messageType:GetStepValueRequest messageId:4 stepValueRequest:<> 
28-02-2022 20:57:06.960 [Gauge] [DEBUG] Sending API response: messageType:GetStepValueResponse messageId:4 stepValueResponse:<stepValue:<> > 
28-02-2022 20:57:07.159 [Gauge] [DEBUG] Api Request Received: messageType:GetStepValueRequest messageId:4 stepValueRequest:<> 
28-02-2022 20:57:07.160 [Gauge] [DEBUG] Sending API response: messageType:GetStepValueResponse messageId:4 stepValueResponse:<stepValue:<> > 
28-02-2022 20:57:07.162 [Gauge] [DEBUG] Api Request Received: messageType:GetStepValueRequest messageId:4 stepValueRequest:<> 
28-02-2022 20:57:07.162 [Gauge] [DEBUG] Sending API response: messageType:GetStepValueResponse messageId:4 stepValueResponse:<stepValue:<> > 
28-02-2022 20:57:07.275 [Gauge] [DEBUG] Api Request Received: messageType:GetStepValueRequest messageId:4 stepValueRequest:<> 
28-02-2022 20:57:07.275 [Gauge] [DEBUG] Sending API response: messageType:GetStepValueResponse messageId:4 stepValueResponse:<stepValue:<> > 
28-02-2022 20:57:07.281 [Gauge] [DEBUG] Api Request Received: messageType:GetStepValueRequest messageId:4 stepValueRequest:<> 
28-02-2022 20:57:07.282 [Gauge] [DEBUG] Sending API response: messageType:GetStepValueResponse messageId:4 stepValueResponse:<stepValue:<> > 
28-02-2022 20:57:07.370 [Gauge] [DEBUG] Api Request Received: messageType:GetStepValueRequest messageId:4 stepValueRequest:<> 
28-02-2022 20:57:07.370 [Gauge] [DEBUG] Sending API response: messageType:GetStepValueResponse messageId:4 stepValueResponse:<stepValue:<> > 
28-02-2022 20:57:07.372 [Gauge] [DEBUG] Api Request Received: messageType:GetStepValueRequest messageId:4 stepValueRequest:<> 
28-02-2022 20:57:07.372 [Gauge] [DEBUG] Sending API response: messageType:GetStepValueResponse messageId:4 stepValueResponse:<stepValue:<> > 
28-02-2022 20:57:07.583 [Gauge] [DEBUG] Api Request Received: messageType:GetStepValueRequest messageId:4 stepValueRequest:<> 
28-02-2022 20:57:07.585 [Gauge] [DEBUG] Sending API response: messageType:GetStepValueResponse messageId:4 stepValueResponse:<stepValue:<> > 
28-02-2022 20:57:07.606 [Gauge] [DEBUG] Api Request Received: messageType:GetStepValueRequest messageId:4 stepValueRequest:<> 
28-02-2022 20:57:07.606 [Gauge] [DEBUG] Sending API response: messageType:GetStepValueResponse messageId:4 stepValueResponse:<stepValue:<> > 
28-02-2022 20:57:07.607 [Gauge] [DEBUG] Api Request Received: messageType:GetStepValueRequest messageId:4 stepValueRequest:<> 
28-02-2022 20:57:07.608 [Gauge] [DEBUG] Sending API response: messageType:GetStepValueResponse messageId:4 stepValueResponse:<stepValue:<> > 
28-02-2022 20:57:07.630 [Gauge] [DEBUG] Api Request Received: messageType:GetStepValueRequest messageId:4 stepValueRequest:<> 
28-02-2022 20:57:07.630 [Gauge] [DEBUG] Sending API response: messageType:GetStepValueResponse messageId:4 stepValueResponse:<stepValue:<> > 
28-02-2022 20:57:07.631 [Gauge] [DEBUG] Api Request Received: messageType:GetStepValueRequest messageId:4 stepValueRequest:<> 
28-02-2022 20:57:07.631 [Gauge] [DEBUG] Sending API response: messageType:GetStepValueResponse messageId:4 stepValueResponse:<stepValue:<> > 
28-02-2022 20:57:07.706 [Gauge] [DEBUG] Api Request Received: messageType:GetStepValueRequest messageId:4 stepValueRequest:<> 
28-02-2022 20:57:07.706 [Gauge] [DEBUG] Sending API response: messageType:GetStepValueResponse messageId:4 stepValueResponse:<stepValue:<> > 
28-02-2022 20:57:07.706 [Gauge] [DEBUG] Api Request Received: messageType:GetStepValueRequest messageId:4 stepValueRequest:<> 
28-02-2022 20:57:07.706 [Gauge] [DEBUG] Sending API response: messageType:GetStepValueResponse messageId:4 stepValueResponse:<stepValue:<> > 
28-02-2022 20:57:07.745 [Gauge] [DEBUG] Api Request Received: messageType:GetStepValueRequest messageId:4 stepValueRequest:<> 
28-02-2022 20:57:07.745 [Gauge] [DEBUG] Sending API response: messageType:GetStepValueResponse messageId:4 stepValueResponse:<stepValue:<> > 
28-02-2022 20:57:07.746 [Gauge] [DEBUG] Api Request Received: messageType:GetStepValueRequest messageId:4 stepValueRequest:<> 
28-02-2022 20:57:07.746 [Gauge] [DEBUG] Sending API response: messageType:GetStepValueResponse messageId:4 stepValueResponse:<stepValue:<> > 
28-02-2022 20:57:07.798 [Gauge] [DEBUG] Api Request Received: messageType:GetStepValueRequest messageId:4 stepValueRequest:<> 
28-02-2022 20:57:07.798 [Gauge] [DEBUG] Sending API response: messageType:GetStepValueResponse messageId:4 stepValueResponse:<stepValue:<> > 
28-02-2022 20:57:07.798 [Gauge] [DEBUG] Api Request Received: messageType:GetStepValueRequest messageId:4 stepValueRequest:<> 
28-02-2022 20:57:07.799 [Gauge] [DEBUG] Sending API response: messageType:GetStepValueResponse messageId:4 stepValueResponse:<stepValue:<> > 
28-02-2022 20:57:07.872 [Gauge] [DEBUG] Api Request Received: messageType:GetStepValueRequest messageId:4 stepValueRequest:<> 
28-02-2022 20:57:07.872 [Gauge] [DEBUG] Sending API response: messageType:GetStepValueResponse messageId:4 stepValueResponse:<stepValue:<> > 
28-02-2022 20:57:07.873 [Gauge] [DEBUG] Api Request Received: messageType:GetStepValueRequest messageId:4 stepValueRequest:<> 
28-02-2022 20:57:07.873 [Gauge] [DEBUG] Sending API response: messageType:GetStepValueResponse messageId:4 stepValueResponse:<stepValue:<> > 
28-02-2022 20:57:07.876 [Gauge] [DEBUG] Api Request Received: messageType:GetStepValueRequest messageId:4 stepValueRequest:<> 
28-02-2022 20:57:07.876 [Gauge] [DEBUG] Sending API response: messageType:GetStepValueResponse messageId:4 stepValueResponse:<stepValue:<> > 
28-02-2022 20:57:07.877 [Gauge] [DEBUG] Api Request Received: messageType:GetStepValueRequest messageId:4 stepValueRequest:<> 
28-02-2022 20:57:07.877 [Gauge] [DEBUG] Sending API response: messageType:GetStepValueResponse messageId:4 stepValueResponse:<stepValue:<> > 
28-02-2022 20:57:07.937 [Gauge] [DEBUG] Api Request Received: messageType:GetStepValueRequest messageId:4 stepValueRequest:<> 
28-02-2022 20:57:07.937 [Gauge] [DEBUG] Sending API response: messageType:GetStepValueResponse messageId:4 stepValueResponse:<stepValue:<> > 
28-02-2022 20:57:07.938 [Gauge] [DEBUG] Api Request Received: messageType:GetStepValueRequest messageId:4 stepValueRequest:<> 
28-02-2022 20:57:07.938 [Gauge] [DEBUG] Sending API response: messageType:GetStepValueResponse messageId:4 stepValueResponse:<stepValue:<> > 
28-02-2022 20:57:08.040 [Gauge] [DEBUG] Api Request Received: messageType:GetStepValueRequest messageId:4 stepValueRequest:<> 
28-02-2022 20:57:08.041 [Gauge] [DEBUG] Sending API response: messageType:GetStepValueResponse messageId:4 stepValueResponse:<stepValue:<> > 
28-02-2022 20:57:08.041 [Gauge] [DEBUG] Api Request Received: messageType:GetStepValueRequest messageId:4 stepValueRequest:<> 
28-02-2022 20:57:08.041 [Gauge] [DEBUG] Sending API response: messageType:GetStepValueResponse messageId:4 stepValueResponse:<stepValue:<> > 
28-02-2022 20:57:08.149 [Gauge] [DEBUG] Api Request Received: messageType:GetStepValueRequest messageId:4 stepValueRequest:<> 
28-02-2022 20:57:08.149 [Gauge] [DEBUG] Sending API response: messageType:GetStepValueResponse messageId:4 stepValueResponse:<stepValue:<> > 
28-02-2022 20:57:08.149 [Gauge] [DEBUG] Api Request Received: messageType:GetStepValueRequest messageId:4 stepValueRequest:<> 
28-02-2022 20:57:08.149 [Gauge] [DEBUG] Sending API response: messageType:GetStepValueResponse messageId:4 stepValueResponse:<stepValue:<> > 
28-02-2022 20:57:08.254 [Gauge] [DEBUG] Api Request Received: messageType:GetStepValueRequest messageId:4 stepValueRequest:<stepText:"w" > 
28-02-2022 20:57:08.254 [Gauge] [DEBUG] Sending API response: messageType:GetStepValueResponse messageId:4 stepValueResponse:<stepValue:<stepValue:"w" parameterizedStepValue:"w" > > 
28-02-2022 20:57:08.264 [Gauge] [DEBUG] Api Request Received: messageType:GetAllStepsRequest messageId:2 allStepsRequest:<> 
28-02-2022 20:57:08.264 [Gauge] [DEBUG] Sending API response: messageType:GetAllStepResponse messageId:2 allStepsResponse:<> 
28-02-2022 20:57:08.270 [Gauge] [DEBUG] Api Request Received: messageType:GetAllConceptsRequest messageId:6 allConceptsRequest:<> 
28-02-2022 20:57:08.270 [Gauge] [DEBUG] Sending API response: messageType:GetAllConceptsResponse messageId:6 allConceptsResponse:<> 
28-02-2022 20:57:09.703 [Gauge] [DEBUG] Api Request Received: messageType:GetStepValueRequest messageId:4 stepValueRequest:<stepText:"Wait \"wait\" seconds" > 
28-02-2022 20:57:09.703 [Gauge] [DEBUG] Sending API response: messageType:GetStepValueResponse messageId:4 stepValueResponse:<stepValue:<stepValue:"Wait {} seconds" parameterizedStepValue:"Wait <wait> seconds" parameters:"wait" > > 
28-02-2022 20:57:12.625 [Gauge] [DEBUG] Api Request Received: messageType:GetStepValueRequest messageId:4 stepValueRequest:<stepText:"Wait \"wai\" seconds" > 
28-02-2022 20:57:12.627 [Gauge] [DEBUG] Sending API response: messageType:GetStepValueResponse messageId:4 stepValueResponse:<stepValue:<stepValue:"Wait {} seconds" parameterizedStepValue:"Wait <wai> seconds" parameters:"wai" > > 
28-02-2022 20:57:12.979 [Gauge] [DEBUG] Api Request Received: messageType:GetStepValueRequest messageId:4 stepValueRequest:<stepText:"Wait \"wa\" seconds" > 
28-02-2022 20:57:12.980 [Gauge] [DEBUG] Sending API response: messageType:GetStepValueResponse messageId:4 stepValueResponse:<stepValue:<stepValue:"Wait {} seconds" parameterizedStepValue:"Wait <wa> seconds" parameters:"wa" > > 
28-02-2022 20:57:13.168 [Gauge] [DEBUG] Api Request Received: messageType:GetStepValueRequest messageId:4 stepValueRequest:<stepText:"Wait \"w\" seconds" > 
28-02-2022 20:57:13.168 [Gauge] [DEBUG] Sending API response: messageType:GetStepValueResponse messageId:4 stepValueResponse:<stepValue:<stepValue:"Wait {} seconds" parameterizedStepValue:"Wait <w> seconds" parameters:"w" > > 
28-02-2022 20:57:13.476 [Gauge] [DEBUG] Api Request Received: messageType:GetStepValueRequest messageId:4 stepValueRequest:<stepText:"Wait \"\" seconds" > 
28-02-2022 20:57:13.477 [Gauge] [DEBUG] Sending API response: messageType:GetStepValueResponse messageId:4 stepValueResponse:<stepValue:<stepValue:"Wait {} seconds" parameterizedStepValue:"Wait <> seconds" parameters:"" > > 
28-02-2022 20:57:14.230 [Gauge] [DEBUG] Api Request Received: messageType:GetStepValueRequest messageId:4 stepValueRequest:<stepText:"Wait \"3\" seconds" > 
28-02-2022 20:57:14.231 [Gauge] [DEBUG] Sending API response: messageType:GetStepValueResponse messageId:4 stepValueResponse:<stepValue:<stepValue:"Wait {} seconds" parameterizedStepValue:"Wait <3> seconds" parameters:"3" > > 
28-02-2022 20:57:19.536 [Gauge] [INFO] Spec file added / modified: C:\Users\testinium\IdeaProjects\AppiumAutomationHW\specs\example.spec
28-02-2022 20:57:19.575 [Gauge] [INFO] Spec file added / modified: C:\Users\testinium\IdeaProjects\AppiumAutomationHW\specs\example.spec
28-02-2022 21:00:01.817 [Gauge] [DEBUG] Api Request Received: messageType:GetStepValueRequest messageId:4 stepValueRequest:<stepText:"Woman - Click to the element with id <id>" > 
28-02-2022 21:00:01.830 [Gauge] [DEBUG] Sending API response: messageType:GetStepValueResponse messageId:4 stepValueResponse:<stepValue:<stepValue:"Woman - Click to the element with id {}" parameterizedStepValue:"Woman - Click to the element with id <id>" parameters:"id" > > 
28-02-2022 21:00:01.839 [Gauge] [DEBUG] Api Request Received: messageType:GetStepValueRequest messageId:4 stepValueRequest:<stepText:"Pants - Click to the element with id <id>" > 
28-02-2022 21:00:01.839 [Gauge] [DEBUG] Sending API response: messageType:GetStepValueResponse messageId:4 stepValueResponse:<stepValue:<stepValue:"Pants - Click to the element with id {}" parameterizedStepValue:"Pants - Click to the element with id <id>" parameters:"id" > > 
28-02-2022 21:01:18.286 [Gauge] [DEBUG] Api Request Received: messageType:GetStepValueRequest messageId:4 stepValueRequest:<stepText:"Market - Check the button with id <id>" > 
28-02-2022 21:01:18.287 [Gauge] [DEBUG] Sending API response: messageType:GetStepValueResponse messageId:4 stepValueResponse:<stepValue:<stepValue:"Market - Check the button with id {}" parameterizedStepValue:"Market - Check the button with id <id>" parameters:"id" > > 
28-02-2022 21:01:18.329 [Gauge] [DEBUG] Api Request Received: messageType:GetStepValueRequest messageId:4 stepValueRequest:<stepText:"Categories - Click to the element with id <id>" > 
28-02-2022 21:01:18.330 [Gauge] [DEBUG] Sending API response: messageType:GetStepValueResponse messageId:4 stepValueResponse:<stepValue:<stepValue:"Categories - Click to the element with id {}" parameterizedStepValue:"Categories - Click to the element with id <id>" parameters:"id" > > 
28-02-2022 21:02:19.747 [Gauge] [DEBUG] Api Request Received: messageType:GetStepValueRequest messageId:4 stepValueRequest:<stepText:"Login - Check the button with id <id>" > 
28-02-2022 21:02:19.749 [Gauge] [DEBUG] Sending API response: messageType:GetStepValueResponse messageId:4 stepValueResponse:<stepValue:<stepValue:"Login - Check the button with id {}" parameterizedStepValue:"Login - Check the button with id <id>" parameters:"id" > > 
28-02-2022 21:02:19.789 [Gauge] [DEBUG] Api Request Received: messageType:GetStepValueRequest messageId:4 stepValueRequest:<stepText:"ID - element <id> write <text>" > 
28-02-2022 21:02:19.789 [Gauge] [DEBUG] Sending API response: messageType:GetStepValueResponse messageId:4 stepValueResponse:<stepValue:<stepValue:"ID - element {} write {}" parameterizedStepValue:"ID - element <id> write <text>" parameters:"id" parameters:"text" > > 
28-02-2022 21:02:19.806 [Gauge] [DEBUG] Api Request Received: messageType:GetStepValueRequest messageId:4 stepValueRequest:<stepText:"Password - element <id> write <text>" > 
28-02-2022 21:02:19.806 [Gauge] [DEBUG] Sending API response: messageType:GetStepValueResponse messageId:4 stepValueResponse:<stepValue:<stepValue:"Password - element {} write {}" parameterizedStepValue:"Password - element <id> write <text>" parameters:"id" parameters:"text" > > 
28-02-2022 21:02:19.823 [Gauge] [DEBUG] Api Request Received: messageType:GetStepValueRequest messageId:4 stepValueRequest:<stepText:"Back - Click to the element with id <id>" > 
28-02-2022 21:02:19.823 [Gauge] [DEBUG] Sending API response: messageType:GetStepValueResponse messageId:4 stepValueResponse:<stepValue:<stepValue:"Back - Click to the element with id {}" parameterizedStepValue:"Back - Click to the element with id <id>" parameters:"id" > > 
28-02-2022 21:03:03.120 [Gauge] [DEBUG] Api Request Received: messageType:GetStepValueRequest messageId:4 stepValueRequest:<stepText:"<Scroll down>" > 
28-02-2022 21:03:03.120 [Gauge] [DEBUG] Sending API response: messageType:GetStepValueResponse messageId:4 stepValueResponse:<stepValue:<stepValue:"{}" parameterizedStepValue:"<Scroll down>" parameters:"Scroll down" > > 
28-02-2022 21:03:03.139 [Gauge] [DEBUG] Api Request Received: messageType:GetStepValueRequest messageId:4 stepValueRequest:<stepText:"Choose random product" > 
28-02-2022 21:03:03.140 [Gauge] [DEBUG] Sending API response: messageType:GetStepValueResponse messageId:4 stepValueResponse:<stepValue:<stepValue:"Choose random product" parameterizedStepValue:"Choose random product" > > 
28-02-2022 21:03:03.152 [Gauge] [DEBUG] Api Request Received: messageType:GetStepValueRequest messageId:4 stepValueRequest:<stepText:"Check element with <id> product detail control" > 
28-02-2022 21:03:03.152 [Gauge] [DEBUG] Sending API response: messageType:GetStepValueResponse messageId:4 stepValueResponse:<stepValue:<stepValue:"Check element with {} product detail control" parameterizedStepValue:"Check element with <id> product detail control" parameters:"id" > > 
28-02-2022 21:03:03.169 [Gauge] [DEBUG] Api Request Received: messageType:GetStepValueRequest messageId:4 stepValueRequest:<stepText:"Add to Cart - Click to the element with id <id>" > 
28-02-2022 21:03:03.169 [Gauge] [DEBUG] Sending API response: messageType:GetStepValueResponse messageId:4 stepValueResponse:<stepValue:<stepValue:"Add to Cart - Click to the element with id {}" parameterizedStepValue:"Add to Cart - Click to the element with id <id>" parameters:"id" > > 
28-02-2022 21:04:23.525 [Gauge] [DEBUG] Api Request Received: messageType:GetStepValueRequest messageId:4 stepValueRequest:<stepText:"Favorites - Click to the element with id <id>" > 
28-02-2022 21:04:23.528 [Gauge] [DEBUG] Sending API response: messageType:GetStepValueResponse messageId:4 stepValueResponse:<stepValue:<stepValue:"Favorites - Click to the element with id {}" parameterizedStepValue:"Favorites - Click to the element with id <id>" parameters:"id" > > 
28-02-2022 21:04:46.231 [Gauge] [INFO] Spec file removed: C:\Users\testinium\IdeaProjects\AppiumAutomationHW\specs\example.spec
28-02-2022 21:04:46.241 [Gauge] [INFO] Spec file added / modified: C:\Users\testinium\IdeaProjects\AppiumAutomationHW\specs\gauge.spec
28-02-2022 21:04:46.288 [Gauge] [INFO] Spec file added / modified: C:\Users\testinium\IdeaProjects\AppiumAutomationHW\specs\gauge.spec
28-02-2022 21:04:54.510 [Gauge] [INFO] Concept file added / modified: C:\Users\testinium\IdeaProjects\AppiumAutomationHW\specs\Guage.cpt
28-02-2022 21:04:54.527 [Gauge] [INFO] Concept file added / modified: C:\Users\testinium\IdeaProjects\AppiumAutomationHW\specs\Guage.cpt
28-02-2022 21:04:54.536 [Gauge] [INFO] Concept file added / modified: C:\Users\testinium\IdeaProjects\AppiumAutomationHW\specs\Guage.cpt
28-02-2022 21:04:55.128 [Gauge] [DEBUG] Api Request Received: messageType:GetStepValueRequest messageId:4 stepValueRequest:<stepText:"step1" > 
28-02-2022 21:04:55.128 [Gauge] [DEBUG] Sending API response: messageType:GetStepValueResponse messageId:4 stepValueResponse:<stepValue:<stepValue:"step1" parameterizedStepValue:"step1" > > 
28-02-2022 21:04:55.394 [Gauge] [DEBUG] Api Request Received: messageType:GetStepValueRequest messageId:4 stepValueRequest:<stepText:" Concept Heading" > 
28-02-2022 21:04:55.395 [Gauge] [DEBUG] Sending API response: messageType:GetStepValueResponse messageId:4 stepValueResponse:<stepValue:<stepValue:"Concept Heading" parameterizedStepValue:"Concept Heading" > > 
28-02-2022 21:04:55.396 [Gauge] [DEBUG] Api Request Received: messageType:GetStepValueRequest messageId:4 stepValueRequest:<stepText:"step2" > 
28-02-2022 21:04:55.396 [Gauge] [DEBUG] Sending API response: messageType:GetStepValueResponse messageId:4 stepValueResponse:<stepValue:<stepValue:"step2" parameterizedStepValue:"step2" > > 
28-02-2022 21:05:22.122 [Gauge] [DEBUG] Api Request Received: messageType:GetStepValueRequest messageId:4 stepValueRequest:<stepText:"Favorites - Click to the element with id \"//*[@resource-id='com.ozdilek.ozdilekteyim:id/relLayAddFav']\"" > 
28-02-2022 21:05:22.123 [Gauge] [DEBUG] Sending API response: messageType:GetStepValueResponse messageId:4 stepValueResponse:<stepValue:<stepValue:"Favorites - Click to the element with id {}" parameterizedStepValue:"Favorites - Click to the element with id <//*[@resource-id='com.ozdilek.ozdilekteyim:id/relLayAddFav']>" parameters:"//*[@resource-id='com.ozdilek.ozdilekteyim:id/relLayAddFav']" > > 
28-02-2022 21:05:22.161 [Gauge] [DEBUG] Api Request Received: messageType:GetStepValueRequest messageId:4 stepValueRequest:<stepText:"Login - Check the button with id \"com.ozdilek.ozdilekteyim:id/cbRememberMe\"" > 
28-02-2022 21:05:22.161 [Gauge] [DEBUG] Sending API response: messageType:GetStepValueResponse messageId:4 stepValueResponse:<stepValue:<stepValue:"Login - Check the button with id {}" parameterizedStepValue:"Login - Check the button with id <com.ozdilek.ozdilekteyim:id/cbRememberMe>" parameters:"com.ozdilek.ozdilekteyim:id/cbRememberMe" > > 
28-02-2022 21:05:22.164 [Gauge] [DEBUG] Api Request Received: messageType:GetStepValueRequest messageId:4 stepValueRequest:<stepText:"ID - element \"com.ozdilek.ozdilekteyim:id/etEposta\" write \"faiksahin\"" > 
28-02-2022 21:05:22.165 [Gauge] [DEBUG] Sending API response: messageType:GetStepValueResponse messageId:4 stepValueResponse:<stepValue:<stepValue:"ID - element {} write {}" parameterizedStepValue:"ID - element <com.ozdilek.ozdilekteyim:id/etEposta> write <faiksahin>" parameters:"com.ozdilek.ozdilekteyim:id/etEposta" parameters:"faiksahin" > > 
28-02-2022 21:05:22.168 [Gauge] [DEBUG] Api Request Received: messageType:GetStepValueRequest messageId:4 stepValueRequest:<stepText:"Password - element \"com.ozdilek.ozdilekteyim:id/etPassword\" write \"12345\"" > 
28-02-2022 21:05:22.169 [Gauge] [DEBUG] Sending API response: messageType:GetStepValueResponse messageId:4 stepValueResponse:<stepValue:<stepValue:"Password - element {} write {}" parameterizedStepValue:"Password - element <com.ozdilek.ozdilekteyim:id/etPassword> write <12345>" parameters:"com.ozdilek.ozdilekteyim:id/etPassword" parameters:"12345" > > 
28-02-2022 21:05:22.172 [Gauge] [DEBUG] Api Request Received: messageType:GetStepValueRequest messageId:4 stepValueRequest:<stepText:"Back - Click to the element with id \"com.ozdilek.ozdilekteyim:id/ivBack\"" > 
28-02-2022 21:05:22.172 [Gauge] [DEBUG] Sending API response: messageType:GetStepValueResponse messageId:4 stepValueResponse:<stepValue:<stepValue:"Back - Click to the element with id {}" parameterizedStepValue:"Back - Click to the element with id <com.ozdilek.ozdilekteyim:id/ivBack>" parameters:"com.ozdilek.ozdilekteyim:id/ivBack" > > 
28-02-2022 21:05:22.179 [Gauge] [DEBUG] Api Request Received: messageType:GetStepValueRequest messageId:4 stepValueRequest:<stepText:"Add to Cart - Click to the element with id \"com.ozdilek.ozdilekteyim:id/relLayAddCartBtn\"" > 
28-02-2022 21:05:22.179 [Gauge] [DEBUG] Sending API response: messageType:GetStepValueResponse messageId:4 stepValueResponse:<stepValue:<stepValue:"Add to Cart - Click to the element with id {}" parameterizedStepValue:"Add to Cart - Click to the element with id <com.ozdilek.ozdilekteyim:id/relLayAddCartBtn>" parameters:"com.ozdilek.ozdilekteyim:id/relLayAddCartBtn" > > 
28-02-2022 21:05:22.187 [Gauge] [DEBUG] Api Request Received: messageType:GetStepValueRequest messageId:4 stepValueRequest:<stepText:"Market - Check the button with id \"com.ozdilek.ozdilekteyim:id/tvMarketName\"" > 
28-02-2022 21:05:22.188 [Gauge] [DEBUG] Sending API response: messageType:GetStepValueResponse messageId:4 stepValueResponse:<stepValue:<stepValue:"Market - Check the button with id {}" parameterizedStepValue:"Market - Check the button with id <com.ozdilek.ozdilekteyim:id/tvMarketName>" parameters:"com.ozdilek.ozdilekteyim:id/tvMarketName" > > 
28-02-2022 21:05:22.190 [Gauge] [DEBUG] Api Request Received: messageType:GetStepValueRequest messageId:4 stepValueRequest:<stepText:"Categories - Click to the element with id \"com.ozdilek.ozdilekteyim:id/nav_categories\"" > 
28-02-2022 21:05:22.190 [Gauge] [DEBUG] Sending API response: messageType:GetStepValueResponse messageId:4 stepValueResponse:<stepValue:<stepValue:"Categories - Click to the element with id {}" parameterizedStepValue:"Categories - Click to the element with id <com.ozdilek.ozdilekteyim:id/nav_categories>" parameters:"com.ozdilek.ozdilekteyim:id/nav_categories" > > 
28-02-2022 21:05:22.193 [Gauge] [DEBUG] Api Request Received: messageType:GetStepValueRequest messageId:4 stepValueRequest:<stepText:"Woman - Click to the element with id \"//*[@resource-id='com.ozdilek.ozdilekteyim:id/relLayCategoriesItem'][2]\"" > 
28-02-2022 21:05:22.194 [Gauge] [DEBUG] Sending API response: messageType:GetStepValueResponse messageId:4 stepValueResponse:<stepValue:<stepValue:"Woman - Click to the element with id {}" parameterizedStepValue:"Woman - Click to the element with id <//*[@resource-id='com.ozdilek.ozdilekteyim:id/relLayCategoriesItem'][2]>" parameters:"//*[@resource-id='com.ozdilek.ozdilekteyim:id/relLayCategoriesItem'][2]" > > 
28-02-2022 21:05:22.199 [Gauge] [DEBUG] Api Request Received: messageType:GetStepValueRequest messageId:4 stepValueRequest:<stepText:"Pants - Click to the element with id \"//*[@resource-id='com.ozdilek.ozdilekteyim:id/relLayCategoriesItem'][14]\"" > 
28-02-2022 21:05:22.199 [Gauge] [DEBUG] Sending API response: messageType:GetStepValueResponse messageId:4 stepValueResponse:<stepValue:<stepValue:"Pants - Click to the element with id {}" parameterizedStepValue:"Pants - Click to the element with id <//*[@resource-id='com.ozdilek.ozdilekteyim:id/relLayCategoriesItem'][14]>" parameters:"//*[@resource-id='com.ozdilek.ozdilekteyim:id/relLayCategoriesItem'][14]" > > 
28-02-2022 21:05:22.203 [Gauge] [DEBUG] Api Request Received: messageType:GetStepValueRequest messageId:4 stepValueRequest:<stepText:"\"<Scroll down>\"" > 
28-02-2022 21:05:22.203 [Gauge] [DEBUG] Sending API response: messageType:GetStepValueResponse messageId:4 stepValueResponse:<stepValue:<stepValue:"{}" parameterizedStepValue:"<<Scroll down>>" parameters:"<Scroll down>" > > 
28-02-2022 21:05:22.208 [Gauge] [DEBUG] Api Request Received: messageType:GetStepValueRequest messageId:4 stepValueRequest:<stepText:"Check element with \"com.ozdilek.ozdilekteyim:id/tvSizeDesc\" product detail control" > 
28-02-2022 21:05:22.209 [Gauge] [DEBUG] Sending API response: messageType:GetStepValueResponse messageId:4 stepValueResponse:<stepValue:<stepValue:"Check element with {} product detail control" parameterizedStepValue:"Check element with <com.ozdilek.ozdilekteyim:id/tvSizeDesc> product detail control" parameters:"com.ozdilek.ozdilekteyim:id/tvSizeDesc" > > 
28-02-2022 21:05:29.135 [Gauge] [INFO] Concept file added / modified: C:\Users\testinium\IdeaProjects\AppiumAutomationHW\specs\Guage.cpt
28-02-2022 21:05:29.153 [Gauge] [INFO] Concept file added / modified: C:\Users\testinium\IdeaProjects\AppiumAutomationHW\specs\Guage.cpt
28-02-2022 21:05:29.156 [Gauge] [INFO] Spec file added / modified: C:\Users\testinium\IdeaProjects\AppiumAutomationHW\specs\gauge.spec
28-02-2022 21:05:29.226 [Gauge] [INFO] Spec file added / modified: C:\Users\testinium\IdeaProjects\AppiumAutomationHW\specs\gauge.spec
28-02-2022 21:05:44.450 [Gauge] [DEBUG] Api Request Received: messageType:GetStepValueRequest messageId:4 stepValueRequest:<stepText:"Open the \303\226zdilekteyim app, than control if the page opens successfully and press the start button" > 
28-02-2022 21:05:44.452 [Gauge] [DEBUG] Sending API response: messageType:GetStepValueResponse messageId:4 stepValueResponse:<stepValue:<stepValue:"Open the \303\226zdilekteyim app, than control if the page opens successfully and press the start button" parameterizedStepValue:"Open the \303\226zdilekteyim app, than control if the page opens successfully and press the start button" > > 
28-02-2022 21:05:44.596 [Gauge] [DEBUG] Api Request Received: messageType:GetStepValueRequest messageId:4 stepValueRequest:<stepText:" Open the \303\226zdilekteyim app, than control if the page opens successfully and press the start button" > 
28-02-2022 21:05:44.597 [Gauge] [DEBUG] Sending API response: messageType:GetStepValueResponse messageId:4 stepValueResponse:<stepValue:<stepValue:"Open the \303\226zdilekteyim app, than control if the page opens successfully and press the start button" parameterizedStepValue:"Open the \303\226zdilekteyim app, than control if the page opens successfully and press the start button" > > 
28-02-2022 21:05:44.597 [Gauge] [DEBUG] Api Request Received: messageType:GetStepValueRequest messageId:4 stepValueRequest:<stepText:"Check if the Home Page opens" > 
28-02-2022 21:05:44.598 [Gauge] [DEBUG] Sending API response: messageType:GetStepValueResponse messageId:4 stepValueResponse:<stepValue:<stepValue:"Check if the Home Page opens" parameterizedStepValue:"Check if the Home Page opens" > > 
28-02-2022 21:05:44.655 [Gauge] [DEBUG] Api Request Received: messageType:GetStepValueRequest messageId:4 stepValueRequest:<stepText:" Check if the Home Page opens" > 
28-02-2022 21:05:44.655 [Gauge] [DEBUG] Sending API response: messageType:GetStepValueResponse messageId:4 stepValueResponse:<stepValue:<stepValue:"Check if the Home Page opens" parameterizedStepValue:"Check if the Home Page opens" > > 
28-02-2022 21:05:44.655 [Gauge] [DEBUG] Api Request Received: messageType:GetStepValueRequest messageId:4 stepValueRequest:<stepText:"Catagories page opens" > 
28-02-2022 21:05:44.655 [Gauge] [DEBUG] Sending API response: messageType:GetStepValueResponse messageId:4 stepValueResponse:<stepValue:<stepValue:"Catagories page opens" parameterizedStepValue:"Catagories page opens" > > 
28-02-2022 21:05:44.718 [Gauge] [DEBUG] Api Request Received: messageType:GetStepValueRequest messageId:4 stepValueRequest:<stepText:" Catagories page opens" > 
28-02-2022 21:05:44.718 [Gauge] [DEBUG] Sending API response: messageType:GetStepValueResponse messageId:4 stepValueResponse:<stepValue:<stepValue:"Catagories page opens" parameterizedStepValue:"Catagories page opens" > > 
28-02-2022 21:05:44.719 [Gauge] [DEBUG] Api Request Received: messageType:GetStepValueRequest messageId:4 stepValueRequest:<stepText:"Click to the Woman button in Categories Menu" > 
28-02-2022 21:05:44.720 [Gauge] [DEBUG] Sending API response: messageType:GetStepValueResponse messageId:4 stepValueResponse:<stepValue:<stepValue:"Click to the Woman button in Categories Menu" parameterizedStepValue:"Click to the Woman button in Categories Menu" > > 
28-02-2022 21:05:44.800 [Gauge] [DEBUG] Api Request Received: messageType:GetStepValueRequest messageId:4 stepValueRequest:<stepText:" Click to the Woman button in Categories Menu" > 
28-02-2022 21:05:44.800 [Gauge] [DEBUG] Sending API response: messageType:GetStepValueResponse messageId:4 stepValueResponse:<stepValue:<stepValue:"Click to the Woman button in Categories Menu" parameterizedStepValue:"Click to the Woman button in Categories Menu" > > 
28-02-2022 21:05:44.801 [Gauge] [DEBUG] Api Request Received: messageType:GetStepValueRequest messageId:4 stepValueRequest:<stepText:"Open the Pants page than scroll down two times" > 
28-02-2022 21:05:44.801 [Gauge] [DEBUG] Sending API response: messageType:GetStepValueResponse messageId:4 stepValueResponse:<stepValue:<stepValue:"Open the Pants page than scroll down two times" parameterizedStepValue:"Open the Pants page than scroll down two times" > > 
28-02-2022 21:05:44.867 [Gauge] [DEBUG] Api Request Received: messageType:GetStepValueRequest messageId:4 stepValueRequest:<stepText:" Open the Pants page than scroll down two times" > 
28-02-2022 21:05:44.868 [Gauge] [DEBUG] Sending API response: messageType:GetStepValueResponse messageId:4 stepValueResponse:<stepValue:<stepValue:"Open the Pants page than scroll down two times" parameterizedStepValue:"Open the Pants page than scroll down two times" > > 
28-02-2022 21:05:44.869 [Gauge] [DEBUG] Api Request Received: messageType:GetStepValueRequest messageId:4 stepValueRequest:<stepText:"Choose a random product than check if the page opens successfully" > 
28-02-2022 21:05:44.869 [Gauge] [DEBUG] Sending API response: messageType:GetStepValueResponse messageId:4 stepValueResponse:<stepValue:<stepValue:"Choose a random product than check if the page opens successfully" parameterizedStepValue:"Choose a random product than check if the page opens successfully" > > 
28-02-2022 21:05:45.061 [Gauge] [DEBUG] Api Request Received: messageType:GetStepValueRequest messageId:4 stepValueRequest:<stepText:" Choose a random product than check if the page opens successfully" > 
28-02-2022 21:05:45.062 [Gauge] [DEBUG] Sending API response: messageType:GetStepValueResponse messageId:4 stepValueResponse:<stepValue:<stepValue:"Choose a random product than check if the page opens successfully" parameterizedStepValue:"Choose a random product than check if the page opens successfully" > > 
28-02-2022 21:05:45.095 [Gauge] [DEBUG] Api Request Received: messageType:GetStepValueRequest messageId:4 stepValueRequest:<stepText:"Click and to favorite button" > 
28-02-2022 21:05:45.095 [Gauge] [DEBUG] Sending API response: messageType:GetStepValueResponse messageId:4 stepValueResponse:<stepValue:<stepValue:"Click and to favorite button" parameterizedStepValue:"Click and to favorite button" > > 
28-02-2022 21:05:45.166 [Gauge] [DEBUG] Api Request Received: messageType:GetStepValueRequest messageId:4 stepValueRequest:<stepText:" Click and to favorite button" > 
28-02-2022 21:05:45.166 [Gauge] [DEBUG] Sending API response: messageType:GetStepValueResponse messageId:4 stepValueResponse:<stepValue:<stepValue:"Click and to favorite button" parameterizedStepValue:"Click and to favorite button" > > 
28-02-2022 21:05:45.168 [Gauge] [DEBUG] Api Request Received: messageType:GetStepValueRequest messageId:4 stepValueRequest:<stepText:"Check if the Login page opens than enter the username and password" > 
28-02-2022 21:05:45.168 [Gauge] [DEBUG] Sending API response: messageType:GetStepValueResponse messageId:4 stepValueResponse:<stepValue:<stepValue:"Check if the Login page opens than enter the username and password" parameterizedStepValue:"Check if the Login page opens than enter the username and password" > > 
28-02-2022 21:05:45.225 [Gauge] [DEBUG] Api Request Received: messageType:GetStepValueRequest messageId:4 stepValueRequest:<stepText:" Check if the Login page opens than enter the username and password" > 
28-02-2022 21:05:45.225 [Gauge] [DEBUG] Sending API response: messageType:GetStepValueResponse messageId:4 stepValueResponse:<stepValue:<stepValue:"Check if the Login page opens than enter the username and password" parameterizedStepValue:"Check if the Login page opens than enter the username and password" > > 
28-02-2022 21:05:45.226 [Gauge] [DEBUG] Api Request Received: messageType:GetStepValueRequest messageId:4 stepValueRequest:<stepText:"Click to the Back button two times and choose a random item" > 
28-02-2022 21:05:45.226 [Gauge] [DEBUG] Sending API response: messageType:GetStepValueResponse messageId:4 stepValueResponse:<stepValue:<stepValue:"Click to the Back button two times and choose a random item" parameterizedStepValue:"Click to the Back button two times and choose a random item" > > 
28-02-2022 21:05:45.283 [Gauge] [DEBUG] Api Request Received: messageType:GetStepValueRequest messageId:4 stepValueRequest:<stepText:" Click to the Back button two times and choose a random item" > 
28-02-2022 21:05:45.284 [Gauge] [DEBUG] Sending API response: messageType:GetStepValueResponse messageId:4 stepValueResponse:<stepValue:<stepValue:"Click to the Back button two times and choose a random item" parameterizedStepValue:"Click to the Back button two times and choose a random item" > > 
28-02-2022 21:05:45.285 [Gauge] [DEBUG] Api Request Received: messageType:GetStepValueRequest messageId:4 stepValueRequest:<stepText:"Add the item to the cart" > 
28-02-2022 21:05:45.285 [Gauge] [DEBUG] Sending API response: messageType:GetStepValueResponse messageId:4 stepValueResponse:<stepValue:<stepValue:"Add the item to the cart" parameterizedStepValue:"Add the item to the cart" > > 
28-02-2022 21:05:45.357 [Gauge] [DEBUG] Api Request Received: messageType:GetStepValueRequest messageId:4 stepValueRequest:<stepText:" Add the item to the cart" > 
28-02-2022 21:05:45.357 [Gauge] [DEBUG] Sending API response: messageType:GetStepValueResponse messageId:4 stepValueResponse:<stepValue:<stepValue:"Add the item to the cart" parameterizedStepValue:"Add the item to the cart" > > 
28-02-2022 21:05:49.328 [Gauge] [INFO] Spec file added / modified: C:\Users\testinium\IdeaProjects\AppiumAutomationHW\specs\gauge.spec
28-02-2022 21:05:49.388 [Gauge] [INFO] Spec file added / modified: C:\Users\testinium\IdeaProjects\AppiumAutomationHW\specs\gauge.spec
28-02-2022 21:06:31.011 [Gauge] [DEBUG] Api Request Received: messageType:GetStepValueRequest messageId:4 stepValueRequest:<stepText:"* Wait \"3\" seconds" > 
28-02-2022 21:06:31.014 [Gauge] [DEBUG] Sending API response: messageType:GetStepValueResponse messageId:4 stepValueResponse:<stepValue:<stepValue:"* Wait {} seconds" parameterizedStepValue:"* Wait <3> seconds" parameters:"3" > > 
28-02-2022 21:06:31.016 [Gauge] [DEBUG] Api Request Received: messageType:GetStepValueRequest messageId:4 stepValueRequest:<stepText:"* Check if the app opens and press the start shopping button" > 
28-02-2022 21:06:31.017 [Gauge] [DEBUG] Sending API response: messageType:GetStepValueResponse messageId:4 stepValueResponse:<stepValue:<stepValue:"* Check if the app opens and press the start shopping button" parameterizedStepValue:"* Check if the app opens and press the start shopping button" > > 
28-02-2022 21:06:31.018 [Gauge] [DEBUG] Api Request Received: messageType:GetStepValueRequest messageId:4 stepValueRequest:<stepText:"* Market - Check the button with id \"com.ozdilek.ozdilekteyim:id/tvMarketName\"" > 
28-02-2022 21:06:31.018 [Gauge] [DEBUG] Sending API response: messageType:GetStepValueResponse messageId:4 stepValueResponse:<stepValue:<stepValue:"* Market - Check the button with id {}" parameterizedStepValue:"* Market - Check the button with id <com.ozdilek.ozdilekteyim:id/tvMarketName>" parameters:"com.ozdilek.ozdilekteyim:id/tvMarketName" > > 
28-02-2022 21:06:31.018 [Gauge] [DEBUG] Api Request Received: messageType:GetStepValueRequest messageId:4 stepValueRequest:<stepText:"* Categories - Click to the element with id \"com.ozdilek.ozdilekteyim:id/nav_categories\"" > 
28-02-2022 21:06:31.019 [Gauge] [DEBUG] Sending API response: messageType:GetStepValueResponse messageId:4 stepValueResponse:<stepValue:<stepValue:"* Categories - Click to the element with id {}" parameterizedStepValue:"* Categories - Click to the element with id <com.ozdilek.ozdilekteyim:id/nav_categories>" parameters:"com.ozdilek.ozdilekteyim:id/nav_categories" > > 
28-02-2022 21:06:31.019 [Gauge] [DEBUG] Api Request Received: messageType:GetStepValueRequest messageId:4 stepValueRequest:<stepText:"* Woman - Click to the element with id \"//*[@resource-id='com.ozdilek.ozdilekteyim:id/relLayCategoriesItem'][2]\"" > 
28-02-2022 21:06:31.019 [Gauge] [DEBUG] Sending API response: messageType:GetStepValueResponse messageId:4 stepValueResponse:<stepValue:<stepValue:"* Woman - Click to the element with id {}" parameterizedStepValue:"* Woman - Click to the element with id <//*[@resource-id='com.ozdilek.ozdilekteyim:id/relLayCategoriesItem'][2]>" parameters:"//*[@resource-id='com.ozdilek.ozdilekteyim:id/relLayCategoriesItem'][2]" > > 
28-02-2022 21:06:31.020 [Gauge] [DEBUG] Api Request Received: messageType:GetStepValueRequest messageId:4 stepValueRequest:<stepText:"* Pants - Click to the element with id \"//*[@resource-id='com.ozdilek.ozdilekteyim:id/relLayCategoriesItem'][14]\"" > 
28-02-2022 21:06:31.020 [Gauge] [DEBUG] Sending API response: messageType:GetStepValueResponse messageId:4 stepValueResponse:<stepValue:<stepValue:"* Pants - Click to the element with id {}" parameterizedStepValue:"* Pants - Click to the element with id <//*[@resource-id='com.ozdilek.ozdilekteyim:id/relLayCategoriesItem'][14]>" parameters:"//*[@resource-id='com.ozdilek.ozdilekteyim:id/relLayCategoriesItem'][14]" > > 
28-02-2022 21:06:31.020 [Gauge] [DEBUG] Api Request Received: messageType:GetStepValueRequest messageId:4 stepValueRequest:<stepText:"* \"<Scroll down>\"" > 
28-02-2022 21:06:31.021 [Gauge] [DEBUG] Sending API response: messageType:GetStepValueResponse messageId:4 stepValueResponse:<stepValue:<stepValue:"* {}" parameterizedStepValue:"* <<Scroll down>>" parameters:"<Scroll down>" > > 
28-02-2022 21:06:31.021 [Gauge] [DEBUG] Api Request Received: messageType:GetStepValueRequest messageId:4 stepValueRequest:<stepText:"* Choose random product" > 
28-02-2022 21:06:31.021 [Gauge] [DEBUG] Sending API response: messageType:GetStepValueResponse messageId:4 stepValueResponse:<stepValue:<stepValue:"* Choose random product" parameterizedStepValue:"* Choose random product" > > 
28-02-2022 21:06:31.021 [Gauge] [DEBUG] Api Request Received: messageType:GetStepValueRequest messageId:4 stepValueRequest:<stepText:"* Check element with \"com.ozdilek.ozdilekteyim:id/tvSizeDesc\" product detail control" > 
28-02-2022 21:06:31.022 [Gauge] [DEBUG] Sending API response: messageType:GetStepValueResponse messageId:4 stepValueResponse:<stepValue:<stepValue:"* Check element with {} product detail control" parameterizedStepValue:"* Check element with <com.ozdilek.ozdilekteyim:id/tvSizeDesc> product detail control" parameters:"com.ozdilek.ozdilekteyim:id/tvSizeDesc" > > 
28-02-2022 21:06:31.022 [Gauge] [DEBUG] Api Request Received: messageType:GetStepValueRequest messageId:4 stepValueRequest:<stepText:"* Check element with \"com.ozdilek.ozdilekteyim:id/tvSizeDesc\" product detail control" > 
28-02-2022 21:06:31.023 [Gauge] [DEBUG] Sending API response: messageType:GetStepValueResponse messageId:4 stepValueResponse:<stepValue:<stepValue:"* Check element with {} product detail control" parameterizedStepValue:"* Check element with <com.ozdilek.ozdilekteyim:id/tvSizeDesc> product detail control" parameters:"com.ozdilek.ozdilekteyim:id/tvSizeDesc" > > 
28-02-2022 21:06:31.023 [Gauge] [DEBUG] Api Request Received: messageType:GetStepValueRequest messageId:4 stepValueRequest:<stepText:"* Favorites - Click to the element with id \"//*[@resource-id='com.ozdilek.ozdilekteyim:id/relLayAddFav']\"" > 
28-02-2022 21:06:31.023 [Gauge] [DEBUG] Sending API response: messageType:GetStepValueResponse messageId:4 stepValueResponse:<stepValue:<stepValue:"* Favorites - Click to the element with id {}" parameterizedStepValue:"* Favorites - Click to the element with id <//*[@resource-id='com.ozdilek.ozdilekteyim:id/relLayAddFav']>" parameters:"//*[@resource-id='com.ozdilek.ozdilekteyim:id/relLayAddFav']" > > 
28-02-2022 21:06:31.023 [Gauge] [DEBUG] Api Request Received: messageType:GetStepValueRequest messageId:4 stepValueRequest:<stepText:"* Favorites - Click to the element with id \"//*[@resource-id='com.ozdilek.ozdilekteyim:id/relLayAddFav']\"" > 
28-02-2022 21:06:31.023 [Gauge] [DEBUG] Sending API response: messageType:GetStepValueResponse messageId:4 stepValueResponse:<stepValue:<stepValue:"* Favorites - Click to the element with id {}" parameterizedStepValue:"* Favorites - Click to the element with id <//*[@resource-id='com.ozdilek.ozdilekteyim:id/relLayAddFav']>" parameters:"//*[@resource-id='com.ozdilek.ozdilekteyim:id/relLayAddFav']" > > 
28-02-2022 21:06:31.024 [Gauge] [DEBUG] Api Request Received: messageType:GetStepValueRequest messageId:4 stepValueRequest:<stepText:"* Login - Check the button with id \"com.ozdilek.ozdilekteyim:id/cbRememberMe\"" > 
28-02-2022 21:06:31.024 [Gauge] [DEBUG] Sending API response: messageType:GetStepValueResponse messageId:4 stepValueResponse:<stepValue:<stepValue:"* Login - Check the button with id {}" parameterizedStepValue:"* Login - Check the button with id <com.ozdilek.ozdilekteyim:id/cbRememberMe>" parameters:"com.ozdilek.ozdilekteyim:id/cbRememberMe" > > 
28-02-2022 21:06:31.024 [Gauge] [DEBUG] Api Request Received: messageType:GetStepValueRequest messageId:4 stepValueRequest:<stepText:"* Login - Check the button with id \"com.ozdilek.ozdilekteyim:id/cbRememberMe\"" > 
28-02-2022 21:06:31.024 [Gauge] [DEBUG] Sending API response: messageType:GetStepValueResponse messageId:4 stepValueResponse:<stepValue:<stepValue:"* Login - Check the button with id {}" parameterizedStepValue:"* Login - Check the button with id <com.ozdilek.ozdilekteyim:id/cbRememberMe>" parameters:"com.ozdilek.ozdilekteyim:id/cbRememberMe" > > 
28-02-2022 21:06:31.025 [Gauge] [DEBUG] Api Request Received: messageType:GetStepValueRequest messageId:4 stepValueRequest:<stepText:"* ID - element \"com.ozdilek.ozdilekteyim:id/etEposta\" write \"faiksahin\"" > 
28-02-2022 21:06:31.025 [Gauge] [DEBUG] Sending API response: messageType:GetStepValueResponse messageId:4 stepValueResponse:<stepValue:<stepValue:"* ID - element {} write {}" parameterizedStepValue:"* ID - element <com.ozdilek.ozdilekteyim:id/etEposta> write <faiksahin>" parameters:"com.ozdilek.ozdilekteyim:id/etEposta" parameters:"faiksahin" > > 
28-02-2022 21:06:31.025 [Gauge] [DEBUG] Api Request Received: messageType:GetStepValueRequest messageId:4 stepValueRequest:<stepText:"* ID - element \"com.ozdilek.ozdilekteyim:id/etEposta\" write \"faiksahin\"" > 
28-02-2022 21:06:31.025 [Gauge] [DEBUG] Sending API response: messageType:GetStepValueResponse messageId:4 stepValueResponse:<stepValue:<stepValue:"* ID - element {} write {}" parameterizedStepValue:"* ID - element <com.ozdilek.ozdilekteyim:id/etEposta> write <faiksahin>" parameters:"com.ozdilek.ozdilekteyim:id/etEposta" parameters:"faiksahin" > > 
28-02-2022 21:06:31.025 [Gauge] [DEBUG] Api Request Received: messageType:GetStepValueRequest messageId:4 stepValueRequest:<stepText:"* Password - element \"com.ozdilek.ozdilekteyim:id/etPassword\" write \"12345\"" > 
28-02-2022 21:06:31.026 [Gauge] [DEBUG] Sending API response: messageType:GetStepValueResponse messageId:4 stepValueResponse:<stepValue:<stepValue:"* Password - element {} write {}" parameterizedStepValue:"* Password - element <com.ozdilek.ozdilekteyim:id/etPassword> write <12345>" parameters:"com.ozdilek.ozdilekteyim:id/etPassword" parameters:"12345" > > 
28-02-2022 21:06:31.026 [Gauge] [DEBUG] Api Request Received: messageType:GetStepValueRequest messageId:4 stepValueRequest:<stepText:"* Password - element \"com.ozdilek.ozdilekteyim:id/etPassword\" write \"12345\"" > 
28-02-2022 21:06:31.026 [Gauge] [DEBUG] Sending API response: messageType:GetStepValueResponse messageId:4 stepValueResponse:<stepValue:<stepValue:"* Password - element {} write {}" parameterizedStepValue:"* Password - element <com.ozdilek.ozdilekteyim:id/etPassword> write <12345>" parameters:"com.ozdilek.ozdilekteyim:id/etPassword" parameters:"12345" > > 
28-02-2022 21:06:31.026 [Gauge] [DEBUG] Api Request Received: messageType:GetStepValueRequest messageId:4 stepValueRequest:<stepText:"* Back - Click to the element with id \"com.ozdilek.ozdilekteyim:id/ivBack\"" > 
28-02-2022 21:06:31.026 [Gauge] [DEBUG] Sending API response: messageType:GetStepValueResponse messageId:4 stepValueResponse:<stepValue:<stepValue:"* Back - Click to the element with id {}" parameterizedStepValue:"* Back - Click to the element with id <com.ozdilek.ozdilekteyim:id/ivBack>" parameters:"com.ozdilek.ozdilekteyim:id/ivBack" > > 
28-02-2022 21:06:31.027 [Gauge] [DEBUG] Api Request Received: messageType:GetStepValueRequest messageId:4 stepValueRequest:<stepText:"* Back - Click to the element with id \"com.ozdilek.ozdilekteyim:id/ivBack\"" > 
28-02-2022 21:06:31.027 [Gauge] [DEBUG] Sending API response: messageType:GetStepValueResponse messageId:4 stepValueResponse:<stepValue:<stepValue:"* Back - Click to the element with id {}" parameterizedStepValue:"* Back - Click to the element with id <com.ozdilek.ozdilekteyim:id/ivBack>" parameters:"com.ozdilek.ozdilekteyim:id/ivBack" > > 
28-02-2022 21:06:31.027 [Gauge] [DEBUG] Api Request Received: messageType:GetStepValueRequest messageId:4 stepValueRequest:<stepText:"* Add to Cart - Click to the element with id \"com.ozdilek.ozdilekteyim:id/relLayAddCartBtn\"" > 
28-02-2022 21:06:31.027 [Gauge] [DEBUG] Sending API response: messageType:GetStepValueResponse messageId:4 stepValueResponse:<stepValue:<stepValue:"* Add to Cart - Click to the element with id {}" parameterizedStepValue:"* Add to Cart - Click to the element with id <com.ozdilek.ozdilekteyim:id/relLayAddCartBtn>" parameters:"com.ozdilek.ozdilekteyim:id/relLayAddCartBtn" > > 
28-02-2022 21:06:31.027 [Gauge] [DEBUG] Api Request Received: messageType:GetStepValueRequest messageId:4 stepValueRequest:<stepText:"* Add to Cart - Click to the element with id \"com.ozdilek.ozdilekteyim:id/relLayAddCartBtn\"" > 
28-02-2022 21:06:31.028 [Gauge] [DEBUG] Sending API response: messageType:GetStepValueResponse messageId:4 stepValueResponse:<stepValue:<stepValue:"* Add to Cart - Click to the element with id {}" parameterizedStepValue:"* Add to Cart - Click to the element with id <com.ozdilek.ozdilekteyim:id/relLayAddCartBtn>" parameters:"com.ozdilek.ozdilekteyim:id/relLayAddCartBtn" > > 
28-02-2022 21:07:28.099 [Gauge] [DEBUG] Api Request Received: messageType:GetStepValueRequest messageId:4 stepValueRequest:<stepText:"ID - element \"com.ozdilek.ozdilekteyim:id/etEposta\" write \"d\"" > 
28-02-2022 21:07:28.101 [Gauge] [DEBUG] Sending API response: messageType:GetStepValueResponse messageId:4 stepValueResponse:<stepValue:<stepValue:"ID - element {} write {}" parameterizedStepValue:"ID - element <com.ozdilek.ozdilekteyim:id/etEposta> write <d>" parameters:"com.ozdilek.ozdilekteyim:id/etEposta" parameters:"d" > > 
28-02-2022 21:07:28.367 [Gauge] [DEBUG] Api Request Received: messageType:GetStepValueRequest messageId:4 stepValueRequest:<stepText:"ID - element \"com.ozdilek.ozdilekteyim:id/etEposta\" write \"dur\"" > 
28-02-2022 21:07:28.368 [Gauge] [DEBUG] Sending API response: messageType:GetStepValueResponse messageId:4 stepValueResponse:<stepValue:<stepValue:"ID - element {} write {}" parameterizedStepValue:"ID - element <com.ozdilek.ozdilekteyim:id/etEposta> write <dur>" parameters:"com.ozdilek.ozdilekteyim:id/etEposta" parameters:"dur" > > 
28-02-2022 21:07:28.449 [Gauge] [DEBUG] Api Request Received: messageType:GetStepValueRequest messageId:4 stepValueRequest:<stepText:"ID - element \"com.ozdilek.ozdilekteyim:id/etEposta\" write \"duru\"" > 
28-02-2022 21:07:28.451 [Gauge] [DEBUG] Sending API response: messageType:GetStepValueResponse messageId:4 stepValueResponse:<stepValue:<stepValue:"ID - element {} write {}" parameterizedStepValue:"ID - element <com.ozdilek.ozdilekteyim:id/etEposta> write <duru>" parameters:"com.ozdilek.ozdilekteyim:id/etEposta" parameters:"duru" > > 
28-02-2022 21:07:29.845 [Gauge] [DEBUG] Api Request Received: messageType:GetStepValueRequest messageId:4 stepValueRequest:<stepText:"ID - element \"com.ozdilek.ozdilekteyim:id/etEposta\" write \"durua\"" > 
28-02-2022 21:07:29.845 [Gauge] [DEBUG] Sending API response: messageType:GetStepValueResponse messageId:4 stepValueResponse:<stepValue:<stepValue:"ID - element {} write {}" parameterizedStepValue:"ID - element <com.ozdilek.ozdilekteyim:id/etEposta> write <durua>" parameters:"com.ozdilek.ozdilekteyim:id/etEposta" parameters:"durua" > > 
28-02-2022 21:07:29.976 [Gauge] [DEBUG] Api Request Received: messageType:GetStepValueRequest messageId:4 stepValueRequest:<stepText:"ID - element \"com.ozdilek.ozdilekteyim:id/etEposta\" write \"durual\"" > 
28-02-2022 21:07:29.977 [Gauge] [DEBUG] Sending API response: messageType:GetStepValueResponse messageId:4 stepValueResponse:<stepValue:<stepValue:"ID - element {} write {}" parameterizedStepValue:"ID - element <com.ozdilek.ozdilekteyim:id/etEposta> write <durual>" parameters:"com.ozdilek.ozdilekteyim:id/etEposta" parameters:"durual" > > 
28-02-2022 21:07:30.298 [Gauge] [DEBUG] Api Request Received: messageType:GetStepValueRequest messageId:4 stepValueRequest:<stepText:"ID - element \"com.ozdilek.ozdilekteyim:id/etEposta\" write \"durualt\"" > 
28-02-2022 21:07:30.299 [Gauge] [DEBUG] Sending API response: messageType:GetStepValueResponse messageId:4 stepValueResponse:<stepValue:<stepValue:"ID - element {} write {}" parameterizedStepValue:"ID - element <com.ozdilek.ozdilekteyim:id/etEposta> write <durualt>" parameters:"com.ozdilek.ozdilekteyim:id/etEposta" parameters:"durualt" > > 
28-02-2022 21:07:30.401 [Gauge] [DEBUG] Api Request Received: messageType:GetStepValueRequest messageId:4 stepValueRequest:<stepText:"ID - element \"com.ozdilek.ozdilekteyim:id/etEposta\" write \"durualta\"" > 
28-02-2022 21:07:30.402 [Gauge] [DEBUG] Sending API response: messageType:GetStepValueResponse messageId:4 stepValueResponse:<stepValue:<stepValue:"ID - element {} write {}" parameterizedStepValue:"ID - element <com.ozdilek.ozdilekteyim:id/etEposta> write <durualta>" parameters:"com.ozdilek.ozdilekteyim:id/etEposta" parameters:"durualta" > > 
28-02-2022 21:07:30.476 [Gauge] [DEBUG] Api Request Received: messageType:GetStepValueRequest messageId:4 stepValueRequest:<stepText:"ID - element \"com.ozdilek.ozdilekteyim:id/etEposta\" write \"durualtay\"" > 
28-02-2022 21:07:30.476 [Gauge] [DEBUG] Sending API response: messageType:GetStepValueResponse messageId:4 stepValueResponse:<stepValue:<stepValue:"ID - element {} write {}" parameterizedStepValue:"ID - element <com.ozdilek.ozdilekteyim:id/etEposta> write <durualtay>" parameters:"com.ozdilek.ozdilekteyim:id/etEposta" parameters:"durualtay" > > 
28-02-2022 21:07:46.771 [Gauge] [INFO] Concept file added / modified: C:\Users\testinium\IdeaProjects\AppiumAutomationHW\specs\Guage.cpt
28-02-2022 21:07:46.965 [Gauge] [INFO] Concept file added / modified: C:\Users\testinium\IdeaProjects\AppiumAutomationHW\specs\Guage.cpt
28-02-2022 21:08:37.430 [Gauge] [DEBUG] Api Request Received: messageType:GetStepValueRequest messageId:4 stepValueRequest:<stepText:"* ID - element \"com.ozdilek.ozdilekteyim:id/etEposta\" write \"durualtay\"" > 
28-02-2022 21:08:37.430 [Gauge] [DEBUG] Sending API response: messageType:GetStepValueResponse messageId:4 stepValueResponse:<stepValue:<stepValue:"* ID - element {} write {}" parameterizedStepValue:"* ID - element <com.ozdilek.ozdilekteyim:id/etEposta> write <durualtay>" parameters:"com.ozdilek.ozdilekteyim:id/etEposta" parameters:"durualtay" > > 
28-02-2022 21:16:32.084 [Gauge] [INFO] Watching directory: C:\Users\testinium\IdeaProjects\AppiumAutomationHW\specs
28-02-2022 21:16:32.085 [Gauge] [DEBUG] Found 2 files
28-02-2022 21:16:32.103 [Gauge] [INFO] Initializing concepts cache with 10 concepts
28-02-2022 21:16:32.103 [Gauge] [DEBUG] Adding concepts from C:\Users\testinium\IdeaProjects\AppiumAutomationHW\specs\Guage.cpt
28-02-2022 21:16:32.103 [Gauge] [DEBUG] Adding concepts from C:\Users\testinium\IdeaProjects\AppiumAutomationHW\specs\Guage.cpt
28-02-2022 21:16:32.103 [Gauge] [DEBUG] Adding concepts from C:\Users\testinium\IdeaProjects\AppiumAutomationHW\specs\Guage.cpt
28-02-2022 21:16:32.103 [Gauge] [DEBUG] Adding concepts from C:\Users\testinium\IdeaProjects\AppiumAutomationHW\specs\Guage.cpt
28-02-2022 21:16:32.103 [Gauge] [DEBUG] Adding concepts from C:\Users\testinium\IdeaProjects\AppiumAutomationHW\specs\Guage.cpt
28-02-2022 21:16:32.104 [Gauge] [DEBUG] Adding concepts from C:\Users\testinium\IdeaProjects\AppiumAutomationHW\specs\Guage.cpt
28-02-2022 21:16:32.104 [Gauge] [DEBUG] Adding concepts from C:\Users\testinium\IdeaProjects\AppiumAutomationHW\specs\Guage.cpt
28-02-2022 21:16:32.104 [Gauge] [DEBUG] Adding concepts from C:\Users\testinium\IdeaProjects\AppiumAutomationHW\specs\Guage.cpt
28-02-2022 21:16:32.104 [Gauge] [DEBUG] Adding concepts from C:\Users\testinium\IdeaProjects\AppiumAutomationHW\specs\Guage.cpt
28-02-2022 21:16:32.104 [Gauge] [DEBUG] Adding concepts from C:\Users\testinium\IdeaProjects\AppiumAutomationHW\specs\Guage.cpt
28-02-2022 21:16:32.133 [Gauge] [INFO] Initializing specs cache with 1 specs
28-02-2022 21:16:32.133 [Gauge] [DEBUG] Adding specs from C:\Users\testinium\IdeaProjects\AppiumAutomationHW\specs\gauge.spec
28-02-2022 21:16:32.133 [Gauge] [INFO] Initializing steps cache with 2 steps
28-02-2022 21:16:32.133 [Gauge] [INFO] Gauge daemon initialized and listening on port: 49744
28-02-2022 21:16:33.217 [Gauge] [DEBUG] Api Request Received: messageType:GetStepValueRequest messageId:4 stepValueRequest:<stepText:"ID - element \"com.ozdilek.ozdilekteyim:id/etEposta\" write \"durualtay\"" > 
28-02-2022 21:16:33.218 [Gauge] [DEBUG] Sending API response: messageType:GetStepValueResponse messageId:4 stepValueResponse:<stepValue:<stepValue:"ID - element {} write {}" parameterizedStepValue:"ID - element <com.ozdilek.ozdilekteyim:id/etEposta> write <durualtay>" parameters:"com.ozdilek.ozdilekteyim:id/etEposta" parameters:"durualtay" > > 
28-02-2022 21:17:47.510 [Gauge] [DEBUG] Api Request Received: messageType:GetStepValueRequest messageId:4 stepValueRequest:<stepText:"Woman - Click to the element with id \"//*[@resource-id='com.ozdilek.ozdilekteyim:id/relLayCategoriesItem'][2]\"" > 
28-02-2022 21:17:47.513 [Gauge] [DEBUG] Sending API response: messageType:GetStepValueResponse messageId:4 stepValueResponse:<stepValue:<stepValue:"Woman - Click to the element with id {}" parameterizedStepValue:"Woman - Click to the element with id <//*[@resource-id='com.ozdilek.ozdilekteyim:id/relLayCategoriesItem'][2]>" parameters:"//*[@resource-id='com.ozdilek.ozdilekteyim:id/relLayCategoriesItem'][2]" > > 
28-02-2022 21:17:47.835 [Gauge] [DEBUG] Api Request Received: messageType:GetStepValueRequest messageId:4 stepValueRequest:<stepText:"Favorites - Click to the element with id <id>" > 
28-02-2022 21:17:47.836 [Gauge] [DEBUG] Sending API response: messageType:GetStepValueResponse messageId:4 stepValueResponse:<stepValue:<stepValue:"Favorites - Click to the element with id {}" parameterizedStepValue:"Favorites - Click to the element with id <id>" parameters:"id" > > 
28-02-2022 21:17:47.836 [Gauge] [DEBUG] Api Request Received: messageType:GetStepValueRequest messageId:4 stepValueRequest:<stepText:"Favorites - Click to the element with id <id>" > 
28-02-2022 21:17:47.837 [Gauge] [DEBUG] Sending API response: messageType:GetStepValueResponse messageId:4 stepValueResponse:<stepValue:<stepValue:"Favorites - Click to the element with id {}" parameterizedStepValue:"Favorites - Click to the element with id <id>" parameters:"id" > > 
28-02-2022 21:17:47.874 [Gauge] [DEBUG] Api Request Received: messageType:GetStepValueRequest messageId:4 stepValueRequest:<stepText:"<Scroll down>" > 
28-02-2022 21:17:47.874 [Gauge] [DEBUG] Sending API response: messageType:GetStepValueResponse messageId:4 stepValueResponse:<stepValue:<stepValue:"{}" parameterizedStepValue:"<Scroll down>" parameters:"Scroll down" > > 
28-02-2022 21:17:47.874 [Gauge] [DEBUG] Api Request Received: messageType:GetStepValueRequest messageId:4 stepValueRequest:<stepText:"<Scroll down>" > 
28-02-2022 21:17:47.875 [Gauge] [DEBUG] Sending API response: messageType:GetStepValueResponse messageId:4 stepValueResponse:<stepValue:<stepValue:"{}" parameterizedStepValue:"<Scroll down>" parameters:"Scroll down" > > 
28-02-2022 21:17:47.875 [Gauge] [DEBUG] Api Request Received: messageType:GetStepValueRequest messageId:4 stepValueRequest:<stepText:"Choose random product" > 
28-02-2022 21:17:47.876 [Gauge] [DEBUG] Sending API response: messageType:GetStepValueResponse messageId:4 stepValueResponse:<stepValue:<stepValue:"Choose random product" parameterizedStepValue:"Choose random product" > > 
28-02-2022 21:17:47.877 [Gauge] [DEBUG] Api Request Received: messageType:GetStepValueRequest messageId:4 stepValueRequest:<stepText:"Choose random product" > 
28-02-2022 21:17:47.877 [Gauge] [DEBUG] Sending API response: messageType:GetStepValueResponse messageId:4 stepValueResponse:<stepValue:<stepValue:"Choose random product" parameterizedStepValue:"Choose random product" > > 
28-02-2022 21:17:47.877 [Gauge] [DEBUG] Api Request Received: messageType:GetStepValueRequest messageId:4 stepValueRequest:<stepText:"Check element with <id> product detail control" > 
28-02-2022 21:17:47.877 [Gauge] [DEBUG] Sending API response: messageType:GetStepValueResponse messageId:4 stepValueResponse:<stepValue:<stepValue:"Check element with {} product detail control" parameterizedStepValue:"Check element with <id> product detail control" parameters:"id" > > 
28-02-2022 21:17:47.877 [Gauge] [DEBUG] Api Request Received: messageType:GetStepValueRequest messageId:4 stepValueRequest:<stepText:"Check element with <id> product detail control" > 
28-02-2022 21:17:47.878 [Gauge] [DEBUG] Sending API response: messageType:GetStepValueResponse messageId:4 stepValueResponse:<stepValue:<stepValue:"Check element with {} product detail control" parameterizedStepValue:"Check element with <id> product detail control" parameters:"id" > > 
28-02-2022 21:17:47.878 [Gauge] [DEBUG] Api Request Received: messageType:GetStepValueRequest messageId:4 stepValueRequest:<stepText:"Add to Cart - Click to the element with id <id>" > 
28-02-2022 21:17:47.878 [Gauge] [DEBUG] Sending API response: messageType:GetStepValueResponse messageId:4 stepValueResponse:<stepValue:<stepValue:"Add to Cart - Click to the element with id {}" parameterizedStepValue:"Add to Cart - Click to the element with id <id>" parameters:"id" > > 
28-02-2022 21:17:47.878 [Gauge] [DEBUG] Api Request Received: messageType:GetStepValueRequest messageId:4 stepValueRequest:<stepText:"Add to Cart - Click to the element with id <id>" > 
28-02-2022 21:17:47.878 [Gauge] [DEBUG] Sending API response: messageType:GetStepValueResponse messageId:4 stepValueResponse:<stepValue:<stepValue:"Add to Cart - Click to the element with id {}" parameterizedStepValue:"Add to Cart - Click to the element with id <id>" parameters:"id" > > 
28-02-2022 21:17:47.878 [Gauge] [DEBUG] Api Request Received: messageType:GetStepValueRequest messageId:4 stepValueRequest:<stepText:"Login - Check the button with id <id>" > 
28-02-2022 21:17:47.879 [Gauge] [DEBUG] Sending API response: messageType:GetStepValueResponse messageId:4 stepValueResponse:<stepValue:<stepValue:"Login - Check the button with id {}" parameterizedStepValue:"Login - Check the button with id <id>" parameters:"id" > > 
28-02-2022 21:17:47.879 [Gauge] [DEBUG] Api Request Received: messageType:GetStepValueRequest messageId:4 stepValueRequest:<stepText:"Login - Check the button with id <id>" > 
28-02-2022 21:17:47.879 [Gauge] [DEBUG] Sending API response: messageType:GetStepValueResponse messageId:4 stepValueResponse:<stepValue:<stepValue:"Login - Check the button with id {}" parameterizedStepValue:"Login - Check the button with id <id>" parameters:"id" > > 
28-02-2022 21:17:47.879 [Gauge] [DEBUG] Api Request Received: messageType:GetStepValueRequest messageId:4 stepValueRequest:<stepText:"ID - element <id> write <text>" > 
28-02-2022 21:17:47.879 [Gauge] [DEBUG] Sending API response: messageType:GetStepValueResponse messageId:4 stepValueResponse:<stepValue:<stepValue:"ID - element {} write {}" parameterizedStepValue:"ID - element <id> write <text>" parameters:"id" parameters:"text" > > 
28-02-2022 21:17:47.880 [Gauge] [DEBUG] Api Request Received: messageType:GetStepValueRequest messageId:4 stepValueRequest:<stepText:"ID - element <id> write <text>" > 
28-02-2022 21:17:47.880 [Gauge] [DEBUG] Sending API response: messageType:GetStepValueResponse messageId:4 stepValueResponse:<stepValue:<stepValue:"ID - element {} write {}" parameterizedStepValue:"ID - element <id> write <text>" parameters:"id" parameters:"text" > > 
28-02-2022 21:17:47.880 [Gauge] [DEBUG] Api Request Received: messageType:GetStepValueRequest messageId:4 stepValueRequest:<stepText:"Password - element <id> write <text>" > 
28-02-2022 21:17:47.880 [Gauge] [DEBUG] Sending API response: messageType:GetStepValueResponse messageId:4 stepValueResponse:<stepValue:<stepValue:"Password - element {} write {}" parameterizedStepValue:"Password - element <id> write <text>" parameters:"id" parameters:"text" > > 
28-02-2022 21:17:47.881 [Gauge] [DEBUG] Api Request Received: messageType:GetStepValueRequest messageId:4 stepValueRequest:<stepText:"Back - Click to the element with id <id>" > 
28-02-2022 21:17:47.882 [Gauge] [DEBUG] Sending API response: messageType:GetStepValueResponse messageId:4 stepValueResponse:<stepValue:<stepValue:"Back - Click to the element with id {}" parameterizedStepValue:"Back - Click to the element with id <id>" parameters:"id" > > 
28-02-2022 21:17:47.882 [Gauge] [DEBUG] Api Request Received: messageType:GetStepValueRequest messageId:4 stepValueRequest:<stepText:"Market - Check the button with id <id>" > 
28-02-2022 21:17:47.883 [Gauge] [DEBUG] Sending API response: messageType:GetStepValueResponse messageId:4 stepValueResponse:<stepValue:<stepValue:"Market - Check the button with id {}" parameterizedStepValue:"Market - Check the button with id <id>" parameters:"id" > > 
28-02-2022 21:17:47.884 [Gauge] [DEBUG] Api Request Received: messageType:GetStepValueRequest messageId:4 stepValueRequest:<stepText:"Categories - Click to the element with id <id>" > 
28-02-2022 21:17:47.884 [Gauge] [DEBUG] Sending API response: messageType:GetStepValueResponse messageId:4 stepValueResponse:<stepValue:<stepValue:"Categories - Click to the element with id {}" parameterizedStepValue:"Categories - Click to the element with id <id>" parameters:"id" > > 
28-02-2022 21:17:47.885 [Gauge] [DEBUG] Api Request Received: messageType:GetStepValueRequest messageId:4 stepValueRequest:<stepText:"Woman - Click to the element with id <id>" > 
28-02-2022 21:17:47.885 [Gauge] [DEBUG] Sending API response: messageType:GetStepValueResponse messageId:4 stepValueResponse:<stepValue:<stepValue:"Woman - Click to the element with id {}" parameterizedStepValue:"Woman - Click to the element with id <id>" parameters:"id" > > 
28-02-2022 21:17:47.888 [Gauge] [DEBUG] Api Request Received: messageType:GetStepValueRequest messageId:4 stepValueRequest:<stepText:"Wait \"3\" seconds" > 
28-02-2022 21:17:47.889 [Gauge] [DEBUG] Sending API response: messageType:GetStepValueResponse messageId:4 stepValueResponse:<stepValue:<stepValue:"Wait {} seconds" parameterizedStepValue:"Wait <3> seconds" parameters:"3" > > 
28-02-2022 21:17:47.892 [Gauge] [DEBUG] Api Request Received: messageType:GetStepValueRequest messageId:4 stepValueRequest:<stepText:"Pants - Click to the element with id <id>" > 
28-02-2022 21:17:47.892 [Gauge] [DEBUG] Sending API response: messageType:GetStepValueResponse messageId:4 stepValueResponse:<stepValue:<stepValue:"Pants - Click to the element with id {}" parameterizedStepValue:"Pants - Click to the element with id <id>" parameters:"id" > > 
28-02-2022 21:17:47.893 [Gauge] [DEBUG] Api Request Received: messageType:GetStepValueRequest messageId:4 stepValueRequest:<stepText:"Wait <wait> seconds" > 
28-02-2022 21:17:47.893 [Gauge] [DEBUG] Sending API response: messageType:GetStepValueResponse messageId:4 stepValueResponse:<stepValue:<stepValue:"Wait {} seconds" parameterizedStepValue:"Wait <wait> seconds" parameters:"wait" > > 
28-02-2022 21:17:47.897 [Gauge] [DEBUG] Api Request Received: messageType:GetStepValueRequest messageId:4 stepValueRequest:<stepText:"Pants - Click to the element with id \"//*[@resource-id='com.ozdilek.ozdilekteyim:id/relLayCategoriesItem'][14]\"" > 
28-02-2022 21:17:47.897 [Gauge] [DEBUG] Sending API response: messageType:GetStepValueResponse messageId:4 stepValueResponse:<stepValue:<stepValue:"Pants - Click to the element with id {}" parameterizedStepValue:"Pants - Click to the element with id <//*[@resource-id='com.ozdilek.ozdilekteyim:id/relLayCategoriesItem'][14]>" parameters:"//*[@resource-id='com.ozdilek.ozdilekteyim:id/relLayCategoriesItem'][14]" > > 
28-02-2022 21:17:47.906 [Gauge] [DEBUG] Api Request Received: messageType:GetStepValueRequest messageId:4 stepValueRequest:<stepText:"\"<Scroll down>\"" > 
28-02-2022 21:17:47.906 [Gauge] [DEBUG] Sending API response: messageType:GetStepValueResponse messageId:4 stepValueResponse:<stepValue:<stepValue:"{}" parameterizedStepValue:"<<Scroll down>>" parameters:"<Scroll down>" > > 
28-02-2022 21:17:47.924 [Gauge] [DEBUG] Api Request Received: messageType:GetStepValueRequest messageId:4 stepValueRequest:<stepText:"Check element with \"com.ozdilek.ozdilekteyim:id/tvSizeDesc\" product detail control" > 
28-02-2022 21:17:47.925 [Gauge] [DEBUG] Sending API response: messageType:GetStepValueResponse messageId:4 stepValueResponse:<stepValue:<stepValue:"Check element with {} product detail control" parameterizedStepValue:"Check element with <com.ozdilek.ozdilekteyim:id/tvSizeDesc> product detail control" parameters:"com.ozdilek.ozdilekteyim:id/tvSizeDesc" > > 
28-02-2022 21:17:47.932 [Gauge] [DEBUG] Api Request Received: messageType:GetStepValueRequest messageId:4 stepValueRequest:<stepText:"Favorites - Click to the element with id \"//*[@resource-id='com.ozdilek.ozdilekteyim:id/relLayAddFav']\"" > 
28-02-2022 21:17:47.932 [Gauge] [DEBUG] Sending API response: messageType:GetStepValueResponse messageId:4 stepValueResponse:<stepValue:<stepValue:"Favorites - Click to the element with id {}" parameterizedStepValue:"Favorites - Click to the element with id <//*[@resource-id='com.ozdilek.ozdilekteyim:id/relLayAddFav']>" parameters:"//*[@resource-id='com.ozdilek.ozdilekteyim:id/relLayAddFav']" > > 
28-02-2022 21:17:47.939 [Gauge] [DEBUG] Api Request Received: messageType:GetStepValueRequest messageId:4 stepValueRequest:<stepText:"Login - Check the button with id \"com.ozdilek.ozdilekteyim:id/cbRememberMe\"" > 
28-02-2022 21:17:47.940 [Gauge] [DEBUG] Sending API response: messageType:GetStepValueResponse messageId:4 stepValueResponse:<stepValue:<stepValue:"Login - Check the button with id {}" parameterizedStepValue:"Login - Check the button with id <com.ozdilek.ozdilekteyim:id/cbRememberMe>" parameters:"com.ozdilek.ozdilekteyim:id/cbRememberMe" > > 
28-02-2022 21:17:47.968 [Gauge] [DEBUG] Api Request Received: messageType:GetStepValueRequest messageId:4 stepValueRequest:<stepText:"Check if the app opens and press the start shopping button" > 
28-02-2022 21:17:47.968 [Gauge] [DEBUG] Sending API response: messageType:GetStepValueResponse messageId:4 stepValueResponse:<stepValue:<stepValue:"Check if the app opens and press the start shopping button" parameterizedStepValue:"Check if the app opens and press the start shopping button" > > 
28-02-2022 21:17:47.976 [Gauge] [DEBUG] Api Request Received: messageType:GetStepValueRequest messageId:4 stepValueRequest:<stepText:"Market - Check the button with id \"com.ozdilek.ozdilekteyim:id/tvMarketName\"" > 
28-02-2022 21:17:47.977 [Gauge] [DEBUG] Sending API response: messageType:GetStepValueResponse messageId:4 stepValueResponse:<stepValue:<stepValue:"Market - Check the button with id {}" parameterizedStepValue:"Market - Check the button with id <com.ozdilek.ozdilekteyim:id/tvMarketName>" parameters:"com.ozdilek.ozdilekteyim:id/tvMarketName" > > 
28-02-2022 21:17:47.983 [Gauge] [DEBUG] Api Request Received: messageType:GetStepValueRequest messageId:4 stepValueRequest:<stepText:"Categories - Click to the element with id \"com.ozdilek.ozdilekteyim:id/nav_categories\"" > 
28-02-2022 21:17:47.983 [Gauge] [DEBUG] Sending API response: messageType:GetStepValueResponse messageId:4 stepValueResponse:<stepValue:<stepValue:"Categories - Click to the element with id {}" parameterizedStepValue:"Categories - Click to the element with id <com.ozdilek.ozdilekteyim:id/nav_categories>" parameters:"com.ozdilek.ozdilekteyim:id/nav_categories" > > 
28-02-2022 21:17:47.988 [Gauge] [DEBUG] Api Request Received: messageType:GetStepValueRequest messageId:4 stepValueRequest:<stepText:"Password - element \"com.ozdilek.ozdilekteyim:id/etPassword\" write \"12345\"" > 
28-02-2022 21:17:47.989 [Gauge] [DEBUG] Sending API response: messageType:GetStepValueResponse messageId:4 stepValueResponse:<stepValue:<stepValue:"Password - element {} write {}" parameterizedStepValue:"Password - element <com.ozdilek.ozdilekteyim:id/etPassword> write <12345>" parameters:"com.ozdilek.ozdilekteyim:id/etPassword" parameters:"12345" > > 
28-02-2022 21:17:47.995 [Gauge] [DEBUG] Api Request Received: messageType:GetStepValueRequest messageId:4 stepValueRequest:<stepText:"Back - Click to the element with id \"com.ozdilek.ozdilekteyim:id/ivBack\"" > 
28-02-2022 21:17:47.995 [Gauge] [DEBUG] Sending API response: messageType:GetStepValueResponse messageId:4 stepValueResponse:<stepValue:<stepValue:"Back - Click to the element with id {}" parameterizedStepValue:"Back - Click to the element with id <com.ozdilek.ozdilekteyim:id/ivBack>" parameters:"com.ozdilek.ozdilekteyim:id/ivBack" > > 
28-02-2022 21:17:48.007 [Gauge] [DEBUG] Api Request Received: messageType:GetStepValueRequest messageId:4 stepValueRequest:<stepText:"Add to Cart - Click to the element with id \"com.ozdilek.ozdilekteyim:id/relLayAddCartBtn\"" > 
28-02-2022 21:17:48.007 [Gauge] [DEBUG] Sending API response: messageType:GetStepValueResponse messageId:4 stepValueResponse:<stepValue:<stepValue:"Add to Cart - Click to the element with id {}" parameterizedStepValue:"Add to Cart - Click to the element with id <com.ozdilek.ozdilekteyim:id/relLayAddCartBtn>" parameters:"com.ozdilek.ozdilekteyim:id/relLayAddCartBtn" > > 
28-02-2022 21:18:30.756 [Gauge] [DEBUG] Api Request Received: messageType:GetStepValueRequest messageId:4 stepValueRequest:<stepText:"Open the \303\226zdilekteyim app, than control if the page opens successfully and press the start button" > 
28-02-2022 21:18:30.757 [Gauge] [DEBUG] Sending API response: messageType:GetStepValueResponse messageId:4 stepValueResponse:<stepValue:<stepValue:"Open the \303\226zdilekteyim app, than control if the page opens successfully and press the start button" parameterizedStepValue:"Open the \303\226zdilekteyim app, than control if the page opens successfully and press the start button" > > 
28-02-2022 21:18:31.152 [Gauge] [DEBUG] Api Request Received: messageType:GetStepValueRequest messageId:4 stepValueRequest:<stepText:" Open the \303\226zdilekteyim app, than control if the page opens successfully and press the start button" > 
28-02-2022 21:18:31.152 [Gauge] [DEBUG] Sending API response: messageType:GetStepValueResponse messageId:4 stepValueResponse:<stepValue:<stepValue:"Open the \303\226zdilekteyim app, than control if the page opens successfully and press the start button" parameterizedStepValue:"Open the \303\226zdilekteyim app, than control if the page opens successfully and press the start button" > > 
28-02-2022 21:18:31.153 [Gauge] [DEBUG] Api Request Received: messageType:GetStepValueRequest messageId:4 stepValueRequest:<stepText:"Check if the Home Page opens" > 
28-02-2022 21:18:31.153 [Gauge] [DEBUG] Sending API response: messageType:GetStepValueResponse messageId:4 stepValueResponse:<stepValue:<stepValue:"Check if the Home Page opens" parameterizedStepValue:"Check if the Home Page opens" > > 
28-02-2022 21:18:31.240 [Gauge] [DEBUG] Api Request Received: messageType:GetStepValueRequest messageId:4 stepValueRequest:<stepText:" Check if the Home Page opens" > 
28-02-2022 21:18:31.241 [Gauge] [DEBUG] Sending API response: messageType:GetStepValueResponse messageId:4 stepValueResponse:<stepValue:<stepValue:"Check if the Home Page opens" parameterizedStepValue:"Check if the Home Page opens" > > 
28-02-2022 21:18:31.242 [Gauge] [DEBUG] Api Request Received: messageType:GetStepValueRequest messageId:4 stepValueRequest:<stepText:"Catagories page opens" > 
28-02-2022 21:18:31.242 [Gauge] [DEBUG] Sending API response: messageType:GetStepValueResponse messageId:4 stepValueResponse:<stepValue:<stepValue:"Catagories page opens" parameterizedStepValue:"Catagories page opens" > > 
28-02-2022 21:18:31.322 [Gauge] [DEBUG] Api Request Received: messageType:GetStepValueRequest messageId:4 stepValueRequest:<stepText:" Catagories page opens" > 
28-02-2022 21:18:31.322 [Gauge] [DEBUG] Sending API response: messageType:GetStepValueResponse messageId:4 stepValueResponse:<stepValue:<stepValue:"Catagories page opens" parameterizedStepValue:"Catagories page opens" > > 
28-02-2022 21:18:31.323 [Gauge] [DEBUG] Api Request Received: messageType:GetStepValueRequest messageId:4 stepValueRequest:<stepText:"Click to the Woman button in Categories Menu" > 
28-02-2022 21:18:31.323 [Gauge] [DEBUG] Sending API response: messageType:GetStepValueResponse messageId:4 stepValueResponse:<stepValue:<stepValue:"Click to the Woman button in Categories Menu" parameterizedStepValue:"Click to the Woman button in Categories Menu" > > 
28-02-2022 21:18:31.457 [Gauge] [DEBUG] Api Request Received: messageType:GetStepValueRequest messageId:4 stepValueRequest:<stepText:" Click to the Woman button in Categories Menu" > 
28-02-2022 21:18:31.459 [Gauge] [DEBUG] Sending API response: messageType:GetStepValueResponse messageId:4 stepValueResponse:<stepValue:<stepValue:"Click to the Woman button in Categories Menu" parameterizedStepValue:"Click to the Woman button in Categories Menu" > > 
28-02-2022 21:18:31.461 [Gauge] [DEBUG] Api Request Received: messageType:GetStepValueRequest messageId:4 stepValueRequest:<stepText:"Open the Pants page than scroll down two times" > 
28-02-2022 21:18:31.461 [Gauge] [DEBUG] Sending API response: messageType:GetStepValueResponse messageId:4 stepValueResponse:<stepValue:<stepValue:"Open the Pants page than scroll down two times" parameterizedStepValue:"Open the Pants page than scroll down two times" > > 
28-02-2022 21:18:31.548 [Gauge] [DEBUG] Api Request Received: messageType:GetStepValueRequest messageId:4 stepValueRequest:<stepText:" Open the Pants page than scroll down two times" > 
28-02-2022 21:18:31.548 [Gauge] [DEBUG] Sending API response: messageType:GetStepValueResponse messageId:4 stepValueResponse:<stepValue:<stepValue:"Open the Pants page than scroll down two times" parameterizedStepValue:"Open the Pants page than scroll down two times" > > 
28-02-2022 21:18:31.566 [Gauge] [DEBUG] Api Request Received: messageType:GetStepValueRequest messageId:4 stepValueRequest:<stepText:"Choose a random product than check if the page opens successfully" > 
28-02-2022 21:18:31.566 [Gauge] [DEBUG] Sending API response: messageType:GetStepValueResponse messageId:4 stepValueResponse:<stepValue:<stepValue:"Choose a random product than check if the page opens successfully" parameterizedStepValue:"Choose a random product than check if the page opens successfully" > > 
28-02-2022 21:18:31.629 [Gauge] [DEBUG] Api Request Received: messageType:GetStepValueRequest messageId:4 stepValueRequest:<stepText:" Choose a random product than check if the page opens successfully" > 
28-02-2022 21:18:31.629 [Gauge] [DEBUG] Sending API response: messageType:GetStepValueResponse messageId:4 stepValueResponse:<stepValue:<stepValue:"Choose a random product than check if the page opens successfully" parameterizedStepValue:"Choose a random product than check if the page opens successfully" > > 
28-02-2022 21:18:31.630 [Gauge] [DEBUG] Api Request Received: messageType:GetStepValueRequest messageId:4 stepValueRequest:<stepText:"Click and to favorite button" > 
28-02-2022 21:18:31.631 [Gauge] [DEBUG] Sending API response: messageType:GetStepValueResponse messageId:4 stepValueResponse:<stepValue:<stepValue:"Click and to favorite button" parameterizedStepValue:"Click and to favorite button" > > 
28-02-2022 21:18:31.737 [Gauge] [DEBUG] Api Request Received: messageType:GetStepValueRequest messageId:4 stepValueRequest:<stepText:" Click and to favorite button" > 
28-02-2022 21:18:31.737 [Gauge] [DEBUG] Sending API response: messageType:GetStepValueResponse messageId:4 stepValueResponse:<stepValue:<stepValue:"Click and to favorite button" parameterizedStepValue:"Click and to favorite button" > > 
28-02-2022 21:18:31.739 [Gauge] [DEBUG] Api Request Received: messageType:GetStepValueRequest messageId:4 stepValueRequest:<stepText:"Check if the Login page opens than enter the username and password" > 
28-02-2022 21:18:31.739 [Gauge] [DEBUG] Sending API response: messageType:GetStepValueResponse messageId:4 stepValueResponse:<stepValue:<stepValue:"Check if the Login page opens than enter the username and password" parameterizedStepValue:"Check if the Login page opens than enter the username and password" > > 
28-02-2022 21:18:31.863 [Gauge] [DEBUG] Api Request Received: messageType:GetStepValueRequest messageId:4 stepValueRequest:<stepText:" Check if the Login page opens than enter the username and password" > 
28-02-2022 21:18:31.863 [Gauge] [DEBUG] Sending API response: messageType:GetStepValueResponse messageId:4 stepValueResponse:<stepValue:<stepValue:"Check if the Login page opens than enter the username and password" parameterizedStepValue:"Check if the Login page opens than enter the username and password" > > 
28-02-2022 21:18:31.864 [Gauge] [DEBUG] Api Request Received: messageType:GetStepValueRequest messageId:4 stepValueRequest:<stepText:"Click to the Back button two times and choose a random item" > 
28-02-2022 21:18:31.864 [Gauge] [DEBUG] Sending API response: messageType:GetStepValueResponse messageId:4 stepValueResponse:<stepValue:<stepValue:"Click to the Back button two times and choose a random item" parameterizedStepValue:"Click to the Back button two times and choose a random item" > > 
28-02-2022 21:18:31.944 [Gauge] [DEBUG] Api Request Received: messageType:GetStepValueRequest messageId:4 stepValueRequest:<stepText:" Click to the Back button two times and choose a random item" > 
28-02-2022 21:18:31.944 [Gauge] [DEBUG] Sending API response: messageType:GetStepValueResponse messageId:4 stepValueResponse:<stepValue:<stepValue:"Click to the Back button two times and choose a random item" parameterizedStepValue:"Click to the Back button two times and choose a random item" > > 
28-02-2022 21:18:31.945 [Gauge] [DEBUG] Api Request Received: messageType:GetStepValueRequest messageId:4 stepValueRequest:<stepText:"Add the item to the cart" > 
28-02-2022 21:18:31.945 [Gauge] [DEBUG] Sending API response: messageType:GetStepValueResponse messageId:4 stepValueResponse:<stepValue:<stepValue:"Add the item to the cart" parameterizedStepValue:"Add the item to the cart" > > 
28-02-2022 21:18:32.023 [Gauge] [DEBUG] Api Request Received: messageType:GetStepValueRequest messageId:4 stepValueRequest:<stepText:" Add the item to the cart" > 
28-02-2022 21:18:32.023 [Gauge] [DEBUG] Sending API response: messageType:GetStepValueResponse messageId:4 stepValueResponse:<stepValue:<stepValue:"Add the item to the cart" parameterizedStepValue:"Add the item to the cart" > > 
28-02-2022 21:19:51.040 [Gauge] [DEBUG] Api Request Received: messageType:GetStepValueRequest messageId:4 stepValueRequest:<stepText:"* Wait \"3\" seconds" > 
28-02-2022 21:19:51.042 [Gauge] [DEBUG] Sending API response: messageType:GetStepValueResponse messageId:4 stepValueResponse:<stepValue:<stepValue:"* Wait {} seconds" parameterizedStepValue:"* Wait <3> seconds" parameters:"3" > > 
28-02-2022 21:19:51.043 [Gauge] [DEBUG] Api Request Received: messageType:GetStepValueRequest messageId:4 stepValueRequest:<stepText:"* Check if the app opens and press the start shopping button" > 
28-02-2022 21:19:51.043 [Gauge] [DEBUG] Sending API response: messageType:GetStepValueResponse messageId:4 stepValueResponse:<stepValue:<stepValue:"* Check if the app opens and press the start shopping button" parameterizedStepValue:"* Check if the app opens and press the start shopping button" > > 
28-02-2022 21:19:51.044 [Gauge] [DEBUG] Api Request Received: messageType:GetStepValueRequest messageId:4 stepValueRequest:<stepText:"* Market - Check the button with id \"com.ozdilek.ozdilekteyim:id/tvMarketName\"" > 
28-02-2022 21:19:51.044 [Gauge] [DEBUG] Sending API response: messageType:GetStepValueResponse messageId:4 stepValueResponse:<stepValue:<stepValue:"* Market - Check the button with id {}" parameterizedStepValue:"* Market - Check the button with id <com.ozdilek.ozdilekteyim:id/tvMarketName>" parameters:"com.ozdilek.ozdilekteyim:id/tvMarketName" > > 
28-02-2022 21:19:51.045 [Gauge] [DEBUG] Api Request Received: messageType:GetStepValueRequest messageId:4 stepValueRequest:<stepText:"* Categories - Click to the element with id \"com.ozdilek.ozdilekteyim:id/nav_categories\"" > 
28-02-2022 21:19:51.045 [Gauge] [DEBUG] Sending API response: messageType:GetStepValueResponse messageId:4 stepValueResponse:<stepValue:<stepValue:"* Categories - Click to the element with id {}" parameterizedStepValue:"* Categories - Click to the element with id <com.ozdilek.ozdilekteyim:id/nav_categories>" parameters:"com.ozdilek.ozdilekteyim:id/nav_categories" > > 
28-02-2022 21:19:51.046 [Gauge] [DEBUG] Api Request Received: messageType:GetStepValueRequest messageId:4 stepValueRequest:<stepText:"* Woman - Click to the element with id \"//*[@resource-id='com.ozdilek.ozdilekteyim:id/relLayCategoriesItem'][2]\"" > 
28-02-2022 21:19:51.046 [Gauge] [DEBUG] Sending API response: messageType:GetStepValueResponse messageId:4 stepValueResponse:<stepValue:<stepValue:"* Woman - Click to the element with id {}" parameterizedStepValue:"* Woman - Click to the element with id <//*[@resource-id='com.ozdilek.ozdilekteyim:id/relLayCategoriesItem'][2]>" parameters:"//*[@resource-id='com.ozdilek.ozdilekteyim:id/relLayCategoriesItem'][2]" > > 
28-02-2022 21:19:51.046 [Gauge] [DEBUG] Api Request Received: messageType:GetStepValueRequest messageId:4 stepValueRequest:<stepText:"* Pants - Click to the element with id \"//*[@resource-id='com.ozdilek.ozdilekteyim:id/relLayCategoriesItem'][14]\"" > 
28-02-2022 21:19:51.046 [Gauge] [DEBUG] Sending API response: messageType:GetStepValueResponse messageId:4 stepValueResponse:<stepValue:<stepValue:"* Pants - Click to the element with id {}" parameterizedStepValue:"* Pants - Click to the element with id <//*[@resource-id='com.ozdilek.ozdilekteyim:id/relLayCategoriesItem'][14]>" parameters:"//*[@resource-id='com.ozdilek.ozdilekteyim:id/relLayCategoriesItem'][14]" > > 
28-02-2022 21:19:51.047 [Gauge] [DEBUG] Api Request Received: messageType:GetStepValueRequest messageId:4 stepValueRequest:<stepText:"* \"<Scroll down>\"" > 
28-02-2022 21:19:51.047 [Gauge] [DEBUG] Sending API response: messageType:GetStepValueResponse messageId:4 stepValueResponse:<stepValue:<stepValue:"* {}" parameterizedStepValue:"* <<Scroll down>>" parameters:"<Scroll down>" > > 
28-02-2022 21:19:51.047 [Gauge] [DEBUG] Api Request Received: messageType:GetStepValueRequest messageId:4 stepValueRequest:<stepText:"* Choose random product" > 
28-02-2022 21:19:51.048 [Gauge] [DEBUG] Sending API response: messageType:GetStepValueResponse messageId:4 stepValueResponse:<stepValue:<stepValue:"* Choose random product" parameterizedStepValue:"* Choose random product" > > 
28-02-2022 21:19:51.048 [Gauge] [DEBUG] Api Request Received: messageType:GetStepValueRequest messageId:4 stepValueRequest:<stepText:"* Check element with \"com.ozdilek.ozdilekteyim:id/tvSizeDesc\" product detail control" > 
28-02-2022 21:19:51.048 [Gauge] [DEBUG] Sending API response: messageType:GetStepValueResponse messageId:4 stepValueResponse:<stepValue:<stepValue:"* Check element with {} product detail control" parameterizedStepValue:"* Check element with <com.ozdilek.ozdilekteyim:id/tvSizeDesc> product detail control" parameters:"com.ozdilek.ozdilekteyim:id/tvSizeDesc" > > 
28-02-2022 21:19:51.048 [Gauge] [DEBUG] Api Request Received: messageType:GetStepValueRequest messageId:4 stepValueRequest:<stepText:"* Favorites - Click to the element with id \"//*[@resource-id='com.ozdilek.ozdilekteyim:id/relLayAddFav']\"" > 
28-02-2022 21:19:51.049 [Gauge] [DEBUG] Sending API response: messageType:GetStepValueResponse messageId:4 stepValueResponse:<stepValue:<stepValue:"* Favorites - Click to the element with id {}" parameterizedStepValue:"* Favorites - Click to the element with id <//*[@resource-id='com.ozdilek.ozdilekteyim:id/relLayAddFav']>" parameters:"//*[@resource-id='com.ozdilek.ozdilekteyim:id/relLayAddFav']" > > 
28-02-2022 21:19:51.049 [Gauge] [DEBUG] Api Request Received: messageType:GetStepValueRequest messageId:4 stepValueRequest:<stepText:"* Login - Check the button with id \"com.ozdilek.ozdilekteyim:id/cbRememberMe\"" > 
28-02-2022 21:19:51.049 [Gauge] [DEBUG] Sending API response: messageType:GetStepValueResponse messageId:4 stepValueResponse:<stepValue:<stepValue:"* Login - Check the button with id {}" parameterizedStepValue:"* Login - Check the button with id <com.ozdilek.ozdilekteyim:id/cbRememberMe>" parameters:"com.ozdilek.ozdilekteyim:id/cbRememberMe" > > 
28-02-2022 21:19:51.049 [Gauge] [DEBUG] Api Request Received: messageType:GetStepValueRequest messageId:4 stepValueRequest:<stepText:"* ID - element \"com.ozdilek.ozdilekteyim:id/etEposta\" write \"durualtay\"" > 
28-02-2022 21:19:51.049 [Gauge] [DEBUG] Sending API response: messageType:GetStepValueResponse messageId:4 stepValueResponse:<stepValue:<stepValue:"* ID - element {} write {}" parameterizedStepValue:"* ID - element <com.ozdilek.ozdilekteyim:id/etEposta> write <durualtay>" parameters:"com.ozdilek.ozdilekteyim:id/etEposta" parameters:"durualtay" > > 
28-02-2022 21:19:51.050 [Gauge] [DEBUG] Api Request Received: messageType:GetStepValueRequest messageId:4 stepValueRequest:<stepText:"* Password - element \"com.ozdilek.ozdilekteyim:id/etPassword\" write \"12345\"" > 
28-02-2022 21:19:51.050 [Gauge] [DEBUG] Sending API response: messageType:GetStepValueResponse messageId:4 stepValueResponse:<stepValue:<stepValue:"* Password - element {} write {}" parameterizedStepValue:"* Password - element <com.ozdilek.ozdilekteyim:id/etPassword> write <12345>" parameters:"com.ozdilek.ozdilekteyim:id/etPassword" parameters:"12345" > > 
28-02-2022 21:19:51.050 [Gauge] [DEBUG] Api Request Received: messageType:GetStepValueRequest messageId:4 stepValueRequest:<stepText:"* Back - Click to the element with id \"com.ozdilek.ozdilekteyim:id/ivBack\"" > 
28-02-2022 21:19:51.051 [Gauge] [DEBUG] Sending API response: messageType:GetStepValueResponse messageId:4 stepValueResponse:<stepValue:<stepValue:"* Back - Click to the element with id {}" parameterizedStepValue:"* Back - Click to the element with id <com.ozdilek.ozdilekteyim:id/ivBack>" parameters:"com.ozdilek.ozdilekteyim:id/ivBack" > > 
28-02-2022 21:19:51.051 [Gauge] [DEBUG] Api Request Received: messageType:GetStepValueRequest messageId:4 stepValueRequest:<stepText:"* Add to Cart - Click to the element with id \"com.ozdilek.ozdilekteyim:id/relLayAddCartBtn\"" > 
28-02-2022 21:19:51.051 [Gauge] [DEBUG] Sending API response: messageType:GetStepValueResponse messageId:4 stepValueResponse:<stepValue:<stepValue:"* Add to Cart - Click to the element with id {}" parameterizedStepValue:"* Add to Cart - Click to the element with id <com.ozdilek.ozdilekteyim:id/relLayAddCartBtn>" parameters:"com.ozdilek.ozdilekteyim:id/relLayAddCartBtn" > > 
